101.06.16 15:46 B D:\Documents and Settings\mike\My Documents\BusinessCustomers\hurst\new\admin\rte_ico_png.png <-- NS4 /hurst/new/admin rte_ico_png.png
101.06.16 15:46 B D:\Documents and Settings\mike\My Documents\BusinessCustomers\hurst\new\admin\rte_ico_jpg.png <-- NS4 /hurst/new/admin rte_ico_jpg.png
101.06.16 15:46 B D:\Documents and Settings\mike\My Documents\BusinessCustomers\hurst\new\admin\rte_ico_gif.png <-- NS4 /hurst/new/admin rte_ico_gif.png
101.06.16 15:46 B D:\Documents and Settings\mike\My Documents\BusinessCustomers\hurst\new\admin\rte_res.js <-- NS4 /hurst/new/admin rte_res.js
101.06.16 15:46 B D:\Documents and Settings\mike\My Documents\BusinessCustomers\hurst\new\admin\rte.js <-- NS4 /hurst/new/admin rte.js
101.06.16 15:46 B D:\Documents and Settings\mike\My Documents\BusinessCustomers\hurst\new\admin\connection.inc <-- NS4 /hurst/new/admin connection.inc
101.06.16 15:46 B D:\Documents and Settings\mike\My Documents\BusinessCustomers\hurst\new\admin\admin_menu.inc <-- NS4 /hurst/new/admin admin_menu.inc
101.06.16 15:46 B D:\Documents and Settings\mike\My Documents\BusinessCustomers\hurst\new\admin\rte_tbEN.gif <-- NS4 /hurst/new/admin rte_tbEN.gif
101.06.16 15:46 B D:\Documents and Settings\mike\My Documents\BusinessCustomers\hurst\new\admin\style.css <-- NS4 /hurst/new/admin style.css
101.06.16 15:46 B D:\Documents and Settings\mike\My Documents\BusinessCustomers\hurst\new\admin\validate_delete.asp <-- NS4 /hurst/new/admin validate_delete.asp
101.06.16 15:46 B D:\Documents and Settings\mike\My Documents\BusinessCustomers\hurst\new\admin\rte_image_upload_code.asp <-- NS4 /hurst/new/admin rte_image_upload_code.asp
101.06.16 15:46 B D:\Documents and Settings\mike\My Documents\BusinessCustomers\hurst\new\admin\rte_image_upload.asp <-- NS4 /hurst/new/admin rte_image_upload.asp
101.06.16 15:46 B D:\Documents and Settings\mike\My Documents\BusinessCustomers\hurst\new\admin\rte_image_tag.asp <-- NS4 /hurst/new/admin rte_image_tag.asp
101.06.16 15:46 B D:\Documents and Settings\mike\My Documents\BusinessCustomers\hurst\new\admin\rte_image.asp <-- NS4 /hurst/new/admin rte_image.asp
101.06.16 15:46 B D:\Documents and Settings\mike\My Documents\BusinessCustomers\hurst\new\admin\rte.asp <-- NS4 /hurst/new/admin rte.asp
101.06.16 15:46 B D:\Documents and Settings\mike\My Documents\BusinessCustomers\hurst\new\admin\index.asp <-- NS4 /hurst/new/admin index.asp
101.06.16 15:46 B D:\Documents and Settings\mike\My Documents\BusinessCustomers\hurst\new\admin\image_uploader_form.asp <-- NS4 /hurst/new/admin image_uploader_form.asp
101.06.16 15:46 B D:\Documents and Settings\mike\My Documents\BusinessCustomers\hurst\new\admin\image_uploader_code.asp <-- NS4 /hurst/new/admin image_uploader_code.asp
101.06.16 15:46 B D:\Documents and Settings\mike\My Documents\BusinessCustomers\hurst\new\admin\image_uploader.asp <-- NS4 /hurst/new/admin image_uploader.asp
101.06.16 15:46 B D:\Documents and Settings\mike\My Documents\BusinessCustomers\hurst\new\admin\admin_remove_code.asp <-- NS4 /hurst/new/admin admin_remove_code.asp
101.06.16 15:46 B D:\Documents and Settings\mike\My Documents\BusinessCustomers\hurst\new\admin\admin_orphan_files_protect.asp <-- NS4 /hurst/new/admin admin_orphan_files_protect.asp
101.06.16 15:46 B D:\Documents and Settings\mike\My Documents\BusinessCustomers\hurst\new\admin\admin_orphan_files_delete.asp <-- NS4 /hurst/new/admin admin_orphan_files_delete.asp
101.06.16 15:46 B D:\Documents and Settings\mike\My Documents\BusinessCustomers\hurst\new\admin\admin_orphan_files.asp <-- NS4 /hurst/new/admin admin_orphan_files.asp
101.06.16 15:46 B D:\Documents and Settings\mike\My Documents\BusinessCustomers\hurst\new\admin\admin_edit_sort_order_code.asp <-- NS4 /hurst/new/admin admin_edit_sort_order_code.asp
101.06.16 15:46 B D:\Documents and Settings\mike\My Documents\BusinessCustomers\hurst\new\admin\admin_edit_sort_order.asp <-- NS4 /hurst/new/admin admin_edit_sort_order.asp
101.06.16 15:46 B D:\Documents and Settings\mike\My Documents\BusinessCustomers\hurst\new\admin\admin_edit_form.asp <-- NS4 /hurst/new/admin admin_edit_form.asp
101.06.16 15:46 B D:\Documents and Settings\mike\My Documents\BusinessCustomers\hurst\new\admin\admin_edit_code.asp <-- NS4 /hurst/new/admin admin_edit_code.asp
101.06.16 15:46 B D:\Documents and Settings\mike\My Documents\BusinessCustomers\hurst\new\admin\admin_delete_code.asp <-- NS4 /hurst/new/admin admin_delete_code.asp
101.06.16 15:46 B D:\Documents and Settings\mike\My Documents\BusinessCustomers\hurst\new\admin\admin_add_form.asp <-- NS4 /hurst/new/admin admin_add_form.asp
101.06.16 15:46 B D:\Documents and Settings\mike\My Documents\BusinessCustomers\hurst\new\admin\admin_add_code.asp <-- NS4 /hurst/new/admin admin_add_code.asp
101.06.24 11:15 B D:\Documents and Settings\mike\My Documents\BusinessCustomers\kelly\snowrunforfun\admin\admin_add_code.asp --> dl.nwon.com /creative_components/snowrunforfun/admin admin_add_code.asp
101.06.24 11:15 B D:\Documents and Settings\mike\My Documents\BusinessCustomers\kelly\snowrunforfun\admin\admin_add_form.asp --> dl.nwon.com /creative_components/snowrunforfun/admin admin_add_form.asp
101.06.24 11:15 B D:\Documents and Settings\mike\My Documents\BusinessCustomers\kelly\snowrunforfun\admin\admin_delete_code.asp --> dl.nwon.com /creative_components/snowrunforfun/admin admin_delete_code.asp
101.06.24 11:15 B D:\Documents and Settings\mike\My Documents\BusinessCustomers\kelly\snowrunforfun\admin\admin_edit_code.asp --> dl.nwon.com /creative_components/snowrunforfun/admin admin_edit_code.asp
101.06.24 11:15 B D:\Documents and Settings\mike\My Documents\BusinessCustomers\kelly\snowrunforfun\admin\admin_edit_form.asp --> dl.nwon.com /creative_components/snowrunforfun/admin admin_edit_form.asp
101.06.24 11:15 B D:\Documents and Settings\mike\My Documents\BusinessCustomers\kelly\snowrunforfun\admin\admin_edit_homepages.asp --> dl.nwon.com /creative_components/snowrunforfun/admin admin_edit_homepages.asp
101.06.24 11:15 B D:\Documents and Settings\mike\My Documents\BusinessCustomers\kelly\snowrunforfun\admin\admin_edit_sort_order.asp --> dl.nwon.com /creative_components/snowrunforfun/admin admin_edit_sort_order.asp
101.06.24 11:15 B D:\Documents and Settings\mike\My Documents\BusinessCustomers\kelly\snowrunforfun\admin\admin_edit_sort_order_code.asp --> dl.nwon.com /creative_components/snowrunforfun/admin admin_edit_sort_order_code.asp
101.06.24 11:15 B D:\Documents and Settings\mike\My Documents\BusinessCustomers\kelly\snowrunforfun\admin\admin_orphan_files.asp --> dl.nwon.com /creative_components/snowrunforfun/admin admin_orphan_files.asp
101.06.24 11:15 B D:\Documents and Settings\mike\My Documents\BusinessCustomers\kelly\snowrunforfun\admin\admin_orphan_files_delete.asp --> dl.nwon.com /creative_components/snowrunforfun/admin admin_orphan_files_delete.asp
101.06.24 11:15 B D:\Documents and Settings\mike\My Documents\BusinessCustomers\kelly\snowrunforfun\admin\admin_orphan_files_protect.asp --> dl.nwon.com /creative_components/snowrunforfun/admin admin_orphan_files_protect.asp
101.06.24 11:15 B D:\Documents and Settings\mike\My Documents\BusinessCustomers\kelly\snowrunforfun\admin\admin_remove_code.asp --> dl.nwon.com /creative_components/snowrunforfun/admin admin_remove_code.asp
101.06.24 11:15 B D:\Documents and Settings\mike\My Documents\BusinessCustomers\kelly\snowrunforfun\admin\image_uploader.asp --> dl.nwon.com /creative_components/snowrunforfun/admin image_uploader.asp
101.06.24 11:15 B D:\Documents and Settings\mike\My Documents\BusinessCustomers\kelly\snowrunforfun\admin\image_uploader_code.asp --> dl.nwon.com /creative_components/snowrunforfun/admin image_uploader_code.asp
101.06.24 11:15 B D:\Documents and Settings\mike\My Documents\BusinessCustomers\kelly\snowrunforfun\admin\image_uploader_form.asp --> dl.nwon.com /creative_components/snowrunforfun/admin image_uploader_form.asp
101.06.24 11:15 B D:\Documents and Settings\mike\My Documents\BusinessCustomers\kelly\snowrunforfun\admin\index.asp --> dl.nwon.com /creative_components/snowrunforfun/admin index.asp
101.06.24 11:15 B D:\Documents and Settings\mike\My Documents\BusinessCustomers\kelly\snowrunforfun\admin\rte.asp --> dl.nwon.com /creative_components/snowrunforfun/admin rte.asp
101.06.24 11:15 B D:\Documents and Settings\mike\My Documents\BusinessCustomers\kelly\snowrunforfun\admin\rte_image.asp --> dl.nwon.com /creative_components/snowrunforfun/admin rte_image.asp
101.06.24 11:15 B D:\Documents and Settings\mike\My Documents\BusinessCustomers\kelly\snowrunforfun\admin\rte_image_tag.asp --> dl.nwon.com /creative_components/snowrunforfun/admin rte_image_tag.asp
101.06.24 11:16 B D:\Documents and Settings\mike\My Documents\BusinessCustomers\kelly\snowrunforfun\admin\rte_image_upload.asp --> dl.nwon.com /creative_components/snowrunforfun/admin rte_image_upload.asp
101.06.24 11:16 B D:\Documents and Settings\mike\My Documents\BusinessCustomers\kelly\snowrunforfun\admin\rte_image_upload_code.asp --> dl.nwon.com /creative_components/snowrunforfun/admin rte_image_upload_code.asp
101.06.24 11:16 B D:\Documents and Settings\mike\My Documents\BusinessCustomers\kelly\snowrunforfun\admin\validate_delete.asp --> dl.nwon.com /creative_components/snowrunforfun/admin validate_delete.asp
101.06.24 11:16 B D:\Documents and Settings\mike\My Documents\BusinessCustomers\kelly\snowrunforfun\admin\style.css --> dl.nwon.com /creative_components/snowrunforfun/admin style.css
101.06.24 11:16 B D:\Documents and Settings\mike\My Documents\BusinessCustomers\kelly\snowrunforfun\admin\rte_tbEN.gif --> dl.nwon.com /creative_components/snowrunforfun/admin rte_tbEN.gif
101.06.24 11:16 B D:\Documents and Settings\mike\My Documents\BusinessCustomers\kelly\snowrunforfun\admin\admin_menu.inc --> dl.nwon.com /creative_components/snowrunforfun/admin admin_menu.inc
101.06.24 11:16 B D:\Documents and Settings\mike\My Documents\BusinessCustomers\kelly\snowrunforfun\admin\connection.inc --> dl.nwon.com /creative_components/snowrunforfun/admin connection.inc
101.06.24 11:16 B D:\Documents and Settings\mike\My Documents\BusinessCustomers\kelly\snowrunforfun\admin\rte.js --> dl.nwon.com /creative_components/snowrunforfun/admin rte.js
101.06.24 11:16 B D:\Documents and Settings\mike\My Documents\BusinessCustomers\kelly\snowrunforfun\admin\rte_res.js --> dl.nwon.com /creative_components/snowrunforfun/admin rte_res.js
101.06.24 11:16 B D:\Documents and Settings\mike\My Documents\BusinessCustomers\kelly\snowrunforfun\admin\WS_FTP.LOG --> dl.nwon.com /creative_components/snowrunforfun/admin WS_FTP.LOG
101.06.24 11:16 B D:\Documents and Settings\mike\My Documents\BusinessCustomers\kelly\snowrunforfun\admin\rte_ico_gif.png --> dl.nwon.com /creative_components/snowrunforfun/admin rte_ico_gif.png
101.06.24 11:16 B D:\Documents and Settings\mike\My Documents\BusinessCustomers\kelly\snowrunforfun\admin\rte_ico_jpg.png --> dl.nwon.com /creative_components/snowrunforfun/admin rte_ico_jpg.png
101.06.24 11:16 B D:\Documents and Settings\mike\My Documents\BusinessCustomers\kelly\snowrunforfun\admin\rte_ico_png.png --> dl.nwon.com /creative_components/snowrunforfun/admin rte_ico_png.png
101.07.30 23:02 B D:\Documents and Settings\mike\My Documents\BusinessCustomers\kelly\snowrunforfun\admin\admin_add_code.asp --> ns4.nwon.com /snowrunforfun/admin admin_add_code.asp
101.07.30 23:02 B D:\Documents and Settings\mike\My Documents\BusinessCustomers\kelly\snowrunforfun\admin\admin_add_form.asp --> ns4.nwon.com /snowrunforfun/admin admin_add_form.asp
101.07.30 23:02 B D:\Documents and Settings\mike\My Documents\BusinessCustomers\kelly\snowrunforfun\admin\admin_delete_code.asp --> ns4.nwon.com /snowrunforfun/admin admin_delete_code.asp
101.07.30 23:02 B D:\Documents and Settings\mike\My Documents\BusinessCustomers\kelly\snowrunforfun\admin\admin_edit_code.asp --> ns4.nwon.com /snowrunforfun/admin admin_edit_code.asp
101.07.30 23:02 B D:\Documents and Settings\mike\My Documents\BusinessCustomers\kelly\snowrunforfun\admin\admin_edit_form.asp --> ns4.nwon.com /snowrunforfun/admin admin_edit_form.asp
101.07.30 23:02 B D:\Documents and Settings\mike\My Documents\BusinessCustomers\kelly\snowrunforfun\admin\admin_edit_homepages.asp --> ns4.nwon.com /snowrunforfun/admin admin_edit_homepages.asp
101.07.30 23:02 B D:\Documents and Settings\mike\My Documents\BusinessCustomers\kelly\snowrunforfun\admin\admin_edit_sort_order.asp --> ns4.nwon.com /snowrunforfun/admin admin_edit_sort_order.asp
101.07.30 23:02 B D:\Documents and Settings\mike\My Documents\BusinessCustomers\kelly\snowrunforfun\admin\admin_edit_sort_order_code.asp --> ns4.nwon.com /snowrunforfun/admin admin_edit_sort_order_code.asp
101.07.30 23:02 B D:\Documents and Settings\mike\My Documents\BusinessCustomers\kelly\snowrunforfun\admin\admin_orphan_files.asp --> ns4.nwon.com /snowrunforfun/admin admin_orphan_files.asp
101.07.30 23:02 B D:\Documents and Settings\mike\My Documents\BusinessCustomers\kelly\snowrunforfun\admin\admin_orphan_files_delete.asp --> ns4.nwon.com /snowrunforfun/admin admin_orphan_files_delete.asp
101.07.30 23:02 B D:\Documents and Settings\mike\My Documents\BusinessCustomers\kelly\snowrunforfun\admin\admin_orphan_files_protect.asp --> ns4.nwon.com /snowrunforfun/admin admin_orphan_files_protect.asp
101.07.30 23:02 B D:\Documents and Settings\mike\My Documents\BusinessCustomers\kelly\snowrunforfun\admin\admin_remove_code.asp --> ns4.nwon.com /snowrunforfun/admin admin_remove_code.asp
101.07.30 23:02 B D:\Documents and Settings\mike\My Documents\BusinessCustomers\kelly\snowrunforfun\admin\guestbook_index.asp --> ns4.nwon.com /snowrunforfun/admin guestbook_index.asp
101.07.30 23:02 B D:\Documents and Settings\mike\My Documents\BusinessCustomers\kelly\snowrunforfun\admin\image_uploader.asp --> ns4.nwon.com /snowrunforfun/admin image_uploader.asp
101.07.30 23:02 B D:\Documents and Settings\mike\My Documents\BusinessCustomers\kelly\snowrunforfun\admin\image_uploader_code.asp --> ns4.nwon.com /snowrunforfun/admin image_uploader_code.asp
101.07.30 23:02 B D:\Documents and Settings\mike\My Documents\BusinessCustomers\kelly\snowrunforfun\admin\image_uploader_form.asp --> ns4.nwon.com /snowrunforfun/admin image_uploader_form.asp
101.07.30 23:02 B D:\Documents and Settings\mike\My Documents\BusinessCustomers\kelly\snowrunforfun\admin\index.asp --> ns4.nwon.com /snowrunforfun/admin index.asp
101.07.30 23:02 B D:\Documents and Settings\mike\My Documents\BusinessCustomers\kelly\snowrunforfun\admin\links_delete.asp --> ns4.nwon.com /snowrunforfun/admin links_delete.asp
101.07.30 23:02 B D:\Documents and Settings\mike\My Documents\BusinessCustomers\kelly\snowrunforfun\admin\links_index.asp --> ns4.nwon.com /snowrunforfun/admin links_index.asp
101.07.30 23:02 B D:\Documents and Settings\mike\My Documents\BusinessCustomers\kelly\snowrunforfun\admin\links_modify.asp --> ns4.nwon.com /snowrunforfun/admin links_modify.asp
101.07.30 23:02 B D:\Documents and Settings\mike\My Documents\BusinessCustomers\kelly\snowrunforfun\admin\photos_admin.asp --> ns4.nwon.com /snowrunforfun/admin photos_admin.asp
101.07.30 23:02 B D:\Documents and Settings\mike\My Documents\BusinessCustomers\kelly\snowrunforfun\admin\photos_admin_code.asp --> ns4.nwon.com /snowrunforfun/admin photos_admin_code.asp
101.07.30 23:02 B D:\Documents and Settings\mike\My Documents\BusinessCustomers\kelly\snowrunforfun\admin\photos_admin_form.asp --> ns4.nwon.com /snowrunforfun/admin photos_admin_form.asp
101.07.30 23:02 B D:\Documents and Settings\mike\My Documents\BusinessCustomers\kelly\snowrunforfun\admin\photos_admin_index.asp --> ns4.nwon.com /snowrunforfun/admin photos_admin_index.asp
101.07.30 23:02 B D:\Documents and Settings\mike\My Documents\BusinessCustomers\kelly\snowrunforfun\admin\rte.asp --> ns4.nwon.com /snowrunforfun/admin rte.asp
101.07.30 23:02 B D:\Documents and Settings\mike\My Documents\BusinessCustomers\kelly\snowrunforfun\admin\rte_image.asp --> ns4.nwon.com /snowrunforfun/admin rte_image.asp
101.07.30 23:02 B D:\Documents and Settings\mike\My Documents\BusinessCustomers\kelly\snowrunforfun\admin\rte_image_tag.asp --> ns4.nwon.com /snowrunforfun/admin rte_image_tag.asp
101.07.30 23:02 B D:\Documents and Settings\mike\My Documents\BusinessCustomers\kelly\snowrunforfun\admin\rte_image_upload.asp --> ns4.nwon.com /snowrunforfun/admin rte_image_upload.asp
101.07.30 23:02 B D:\Documents and Settings\mike\My Documents\BusinessCustomers\kelly\snowrunforfun\admin\rte_image_upload_code.asp --> ns4.nwon.com /snowrunforfun/admin rte_image_upload_code.asp
101.07.30 23:02 B D:\Documents and Settings\mike\My Documents\BusinessCustomers\kelly\snowrunforfun\admin\validate_delete.asp --> ns4.nwon.com /snowrunforfun/admin validate_delete.asp
101.07.30 23:02 B D:\Documents and Settings\mike\My Documents\BusinessCustomers\kelly\snowrunforfun\admin\style.css --> ns4.nwon.com /snowrunforfun/admin style.css
101.07.30 23:02 B D:\Documents and Settings\mike\My Documents\BusinessCustomers\kelly\snowrunforfun\admin\rte_tbEN.gif --> ns4.nwon.com /snowrunforfun/admin rte_tbEN.gif
101.07.30 23:02 B D:\Documents and Settings\mike\My Documents\BusinessCustomers\kelly\snowrunforfun\admin\admin_menu.inc --> ns4.nwon.com /snowrunforfun/admin admin_menu.inc
101.07.30 23:02 B D:\Documents and Settings\mike\My Documents\BusinessCustomers\kelly\snowrunforfun\admin\connection.inc --> ns4.nwon.com /snowrunforfun/admin connection.inc
101.07.30 23:02 B D:\Documents and Settings\mike\My Documents\BusinessCustomers\kelly\snowrunforfun\admin\rte.js --> ns4.nwon.com /snowrunforfun/admin rte.js
101.07.30 23:02 B D:\Documents and Settings\mike\My Documents\BusinessCustomers\kelly\snowrunforfun\admin\rte_res.js --> ns4.nwon.com /snowrunforfun/admin rte_res.js
101.07.30 23:02 B D:\Documents and Settings\mike\My Documents\BusinessCustomers\kelly\snowrunforfun\admin\WS_FTP.LOG --> ns4.nwon.com /snowrunforfun/admin WS_FTP.LOG
101.07.30 23:02 B D:\Documents and Settings\mike\My Documents\BusinessCustomers\kelly\snowrunforfun\admin\rte_ico_gif.png --> ns4.nwon.com /snowrunforfun/admin rte_ico_gif.png
101.07.30 23:02 B D:\Documents and Settings\mike\My Documents\BusinessCustomers\kelly\snowrunforfun\admin\rte_ico_jpg.png --> ns4.nwon.com /snowrunforfun/admin rte_ico_jpg.png
101.07.30 23:02 B D:\Documents and Settings\mike\My Documents\BusinessCustomers\kelly\snowrunforfun\admin\rte_ico_png.png --> ns4.nwon.com /snowrunforfun/admin rte_ico_png.png
101.08.03 09:55 B D:\Documents and Settings\mike\My Documents\BusinessCustomers\kelly\snowrunforfun\admin\admin_add_code.asp --> ns4.nwon.com /snowrunforfun/admin admin_add_code.asp
101.08.03 09:55 B D:\Documents and Settings\mike\My Documents\BusinessCustomers\kelly\snowrunforfun\admin\admin_add_form.asp --> ns4.nwon.com /snowrunforfun/admin admin_add_form.asp
101.08.03 09:55 B D:\Documents and Settings\mike\My Documents\BusinessCustomers\kelly\snowrunforfun\admin\admin_delete_code.asp --> ns4.nwon.com /snowrunforfun/admin admin_delete_code.asp
101.08.03 09:55 B D:\Documents and Settings\mike\My Documents\BusinessCustomers\kelly\snowrunforfun\admin\admin_edit_code.asp --> ns4.nwon.com /snowrunforfun/admin admin_edit_code.asp
101.08.03 09:55 B D:\Documents and Settings\mike\My Documents\BusinessCustomers\kelly\snowrunforfun\admin\admin_edit_form.asp --> ns4.nwon.com /snowrunforfun/admin admin_edit_form.asp
101.08.03 09:55 B D:\Documents and Settings\mike\My Documents\BusinessCustomers\kelly\snowrunforfun\admin\admin_edit_homepages.asp --> ns4.nwon.com /snowrunforfun/admin admin_edit_homepages.asp
101.08.03 09:55 B D:\Documents and Settings\mike\My Documents\BusinessCustomers\kelly\snowrunforfun\admin\admin_edit_sort_order.asp --> ns4.nwon.com /snowrunforfun/admin admin_edit_sort_order.asp
101.08.03 09:55 B D:\Documents and Settings\mike\My Documents\BusinessCustomers\kelly\snowrunforfun\admin\admin_edit_sort_order_code.asp --> ns4.nwon.com /snowrunforfun/admin admin_edit_sort_order_code.asp
101.08.03 09:55 B D:\Documents and Settings\mike\My Documents\BusinessCustomers\kelly\snowrunforfun\admin\admin_orphan_files.asp --> ns4.nwon.com /snowrunforfun/admin admin_orphan_files.asp
101.08.03 09:55 B D:\Documents and Settings\mike\My Documents\BusinessCustomers\kelly\snowrunforfun\admin\admin_orphan_files_delete.asp --> ns4.nwon.com /snowrunforfun/admin admin_orphan_files_delete.asp
101.08.03 09:55 B D:\Documents and Settings\mike\My Documents\BusinessCustomers\kelly\snowrunforfun\admin\admin_orphan_files_protect.asp --> ns4.nwon.com /snowrunforfun/admin admin_orphan_files_protect.asp
101.08.03 09:55 B D:\Documents and Settings\mike\My Documents\BusinessCustomers\kelly\snowrunforfun\admin\admin_remove_code.asp --> ns4.nwon.com /snowrunforfun/admin admin_remove_code.asp
101.08.03 09:55 B D:\Documents and Settings\mike\My Documents\BusinessCustomers\kelly\snowrunforfun\admin\guestbook_index.asp --> ns4.nwon.com /snowrunforfun/admin guestbook_index.asp
101.08.03 09:55 B D:\Documents and Settings\mike\My Documents\BusinessCustomers\kelly\snowrunforfun\admin\image_uploader.asp --> ns4.nwon.com /snowrunforfun/admin image_uploader.asp
101.08.03 09:55 B D:\Documents and Settings\mike\My Documents\BusinessCustomers\kelly\snowrunforfun\admin\image_uploader_code.asp --> ns4.nwon.com /snowrunforfun/admin image_uploader_code.asp
101.08.03 09:55 B D:\Documents and Settings\mike\My Documents\BusinessCustomers\kelly\snowrunforfun\admin\image_uploader_form.asp --> ns4.nwon.com /snowrunforfun/admin image_uploader_form.asp
101.08.03 09:55 B D:\Documents and Settings\mike\My Documents\BusinessCustomers\kelly\snowrunforfun\admin\index.asp --> ns4.nwon.com /snowrunforfun/admin index.asp
101.08.03 09:55 B D:\Documents and Settings\mike\My Documents\BusinessCustomers\kelly\snowrunforfun\admin\links_delete.asp --> ns4.nwon.com /snowrunforfun/admin links_delete.asp
101.08.03 09:55 B D:\Documents and Settings\mike\My Documents\BusinessCustomers\kelly\snowrunforfun\admin\links_index.asp --> ns4.nwon.com /snowrunforfun/admin links_index.asp
101.08.03 09:55 B D:\Documents and Settings\mike\My Documents\BusinessCustomers\kelly\snowrunforfun\admin\links_modify.asp --> ns4.nwon.com /snowrunforfun/admin links_modify.asp
101.08.03 09:55 B D:\Documents and Settings\mike\My Documents\BusinessCustomers\kelly\snowrunforfun\admin\photos_admin.asp --> ns4.nwon.com /snowrunforfun/admin photos_admin.asp
101.08.03 09:55 B D:\Documents and Settings\mike\My Documents\BusinessCustomers\kelly\snowrunforfun\admin\photos_admin_code.asp --> ns4.nwon.com /snowrunforfun/admin photos_admin_code.asp
101.08.03 09:55 B D:\Documents and Settings\mike\My Documents\BusinessCustomers\kelly\snowrunforfun\admin\photos_admin_form.asp --> ns4.nwon.com /snowrunforfun/admin photos_admin_form.asp
101.08.03 09:55 B D:\Documents and Settings\mike\My Documents\BusinessCustomers\kelly\snowrunforfun\admin\photos_admin_index.asp --> ns4.nwon.com /snowrunforfun/admin photos_admin_index.asp
101.08.03 09:55 B D:\Documents and Settings\mike\My Documents\BusinessCustomers\kelly\snowrunforfun\admin\rte.asp --> ns4.nwon.com /snowrunforfun/admin rte.asp
101.08.03 09:55 B D:\Documents and Settings\mike\My Documents\BusinessCustomers\kelly\snowrunforfun\admin\rte_image.asp --> ns4.nwon.com /snowrunforfun/admin rte_image.asp
101.08.03 09:55 B D:\Documents and Settings\mike\My Documents\BusinessCustomers\kelly\snowrunforfun\admin\rte_image_tag.asp --> ns4.nwon.com /snowrunforfun/admin rte_image_tag.asp
101.08.03 09:55 B D:\Documents and Settings\mike\My Documents\BusinessCustomers\kelly\snowrunforfun\admin\rte_image_upload.asp --> ns4.nwon.com /snowrunforfun/admin rte_image_upload.asp
101.08.03 09:55 B D:\Documents and Settings\mike\My Documents\BusinessCustomers\kelly\snowrunforfun\admin\rte_image_upload_code.asp --> ns4.nwon.com /snowrunforfun/admin rte_image_upload_code.asp
101.08.03 09:55 B D:\Documents and Settings\mike\My Documents\BusinessCustomers\kelly\snowrunforfun\admin\validate_delete.asp --> ns4.nwon.com /snowrunforfun/admin validate_delete.asp
101.08.03 09:55 B D:\Documents and Settings\mike\My Documents\BusinessCustomers\kelly\snowrunforfun\admin\style.css --> ns4.nwon.com /snowrunforfun/admin style.css
101.08.03 09:55 B D:\Documents and Settings\mike\My Documents\BusinessCustomers\kelly\snowrunforfun\admin\rte_tbEN.gif --> ns4.nwon.com /snowrunforfun/admin rte_tbEN.gif
101.08.03 09:55 B D:\Documents and Settings\mike\My Documents\BusinessCustomers\kelly\snowrunforfun\admin\admin_menu.inc --> ns4.nwon.com /snowrunforfun/admin admin_menu.inc
101.08.03 09:55 B D:\Documents and Settings\mike\My Documents\BusinessCustomers\kelly\snowrunforfun\admin\connection.inc --> ns4.nwon.com /snowrunforfun/admin connection.inc
101.08.03 09:55 B D:\Documents and Settings\mike\My Documents\BusinessCustomers\kelly\snowrunforfun\admin\rte.js --> ns4.nwon.com /snowrunforfun/admin rte.js
101.08.03 09:55 B D:\Documents and Settings\mike\My Documents\BusinessCustomers\kelly\snowrunforfun\admin\rte_res.js --> ns4.nwon.com /snowrunforfun/admin rte_res.js
101.08.03 09:55 B D:\Documents and Settings\mike\My Documents\BusinessCustomers\kelly\snowrunforfun\admin\WS_FTP.LOG --> ns4.nwon.com /snowrunforfun/admin WS_FTP.LOG
101.08.03 09:55 B D:\Documents and Settings\mike\My Documents\BusinessCustomers\kelly\snowrunforfun\admin\rte_ico_gif.png --> ns4.nwon.com /snowrunforfun/admin rte_ico_gif.png
101.08.03 09:55 B D:\Documents and Settings\mike\My Documents\BusinessCustomers\kelly\snowrunforfun\admin\rte_ico_jpg.png --> ns4.nwon.com /snowrunforfun/admin rte_ico_jpg.png
101.08.03 09:55 B D:\Documents and Settings\mike\My Documents\BusinessCustomers\kelly\snowrunforfun\admin\rte_ico_png.png --> ns4.nwon.com /snowrunforfun/admin rte_ico_png.png
101.08.03 10:02 B D:\Documents and Settings\mike\My Documents\BusinessCustomers\kelly\snowrunforfun\sradmin\admin_add_code.asp --> ns4.nwon.com /snowrunforfun/sradmin admin_add_code.asp
101.08.03 10:02 B D:\Documents and Settings\mike\My Documents\BusinessCustomers\kelly\snowrunforfun\sradmin\admin_add_form.asp --> ns4.nwon.com /snowrunforfun/sradmin admin_add_form.asp
101.08.03 10:02 B D:\Documents and Settings\mike\My Documents\BusinessCustomers\kelly\snowrunforfun\sradmin\admin_delete_code.asp --> ns4.nwon.com /snowrunforfun/sradmin admin_delete_code.asp
101.08.03 10:02 B D:\Documents and Settings\mike\My Documents\BusinessCustomers\kelly\snowrunforfun\sradmin\admin_edit_code.asp --> ns4.nwon.com /snowrunforfun/sradmin admin_edit_code.asp
101.08.03 10:02 B D:\Documents and Settings\mike\My Documents\BusinessCustomers\kelly\snowrunforfun\sradmin\admin_edit_form.asp --> ns4.nwon.com /snowrunforfun/sradmin admin_edit_form.asp
101.08.03 10:02 B D:\Documents and Settings\mike\My Documents\BusinessCustomers\kelly\snowrunforfun\sradmin\admin_edit_homepages.asp --> ns4.nwon.com /snowrunforfun/sradmin admin_edit_homepages.asp
101.08.03 10:02 B D:\Documents and Settings\mike\My Documents\BusinessCustomers\kelly\snowrunforfun\sradmin\admin_edit_sort_order.asp --> ns4.nwon.com /snowrunforfun/sradmin admin_edit_sort_order.asp
101.08.03 10:02 B D:\Documents and Settings\mike\My Documents\BusinessCustomers\kelly\snowrunforfun\sradmin\admin_edit_sort_order_code.asp --> ns4.nwon.com /snowrunforfun/sradmin admin_edit_sort_order_code.asp
101.08.03 10:02 B D:\Documents and Settings\mike\My Documents\BusinessCustomers\kelly\snowrunforfun\sradmin\admin_orphan_files.asp --> ns4.nwon.com /snowrunforfun/sradmin admin_orphan_files.asp
101.08.03 10:02 B D:\Documents and Settings\mike\My Documents\BusinessCustomers\kelly\snowrunforfun\sradmin\admin_orphan_files_delete.asp --> ns4.nwon.com /snowrunforfun/sradmin admin_orphan_files_delete.asp
101.08.03 10:02 B D:\Documents and Settings\mike\My Documents\BusinessCustomers\kelly\snowrunforfun\sradmin\admin_orphan_files_protect.asp --> ns4.nwon.com /snowrunforfun/sradmin admin_orphan_files_protect.asp
101.08.03 10:02 B D:\Documents and Settings\mike\My Documents\BusinessCustomers\kelly\snowrunforfun\sradmin\admin_remove_code.asp --> ns4.nwon.com /snowrunforfun/sradmin admin_remove_code.asp
101.08.03 10:02 B D:\Documents and Settings\mike\My Documents\BusinessCustomers\kelly\snowrunforfun\sradmin\guestbook_index.asp --> ns4.nwon.com /snowrunforfun/sradmin guestbook_index.asp
101.08.03 10:02 B D:\Documents and Settings\mike\My Documents\BusinessCustomers\kelly\snowrunforfun\sradmin\image_uploader.asp --> ns4.nwon.com /snowrunforfun/sradmin image_uploader.asp
101.08.03 10:02 B D:\Documents and Settings\mike\My Documents\BusinessCustomers\kelly\snowrunforfun\sradmin\image_uploader_code.asp --> ns4.nwon.com /snowrunforfun/sradmin image_uploader_code.asp
101.08.03 10:02 B D:\Documents and Settings\mike\My Documents\BusinessCustomers\kelly\snowrunforfun\sradmin\image_uploader_form.asp --> ns4.nwon.com /snowrunforfun/sradmin image_uploader_form.asp
101.08.03 10:03 B D:\Documents and Settings\mike\My Documents\BusinessCustomers\kelly\snowrunforfun\sradmin\index.asp --> ns4.nwon.com /snowrunforfun/sradmin index.asp
101.08.03 10:03 B D:\Documents and Settings\mike\My Documents\BusinessCustomers\kelly\snowrunforfun\sradmin\links_delete.asp --> ns4.nwon.com /snowrunforfun/sradmin links_delete.asp
101.08.03 10:03 B D:\Documents and Settings\mike\My Documents\BusinessCustomers\kelly\snowrunforfun\sradmin\links_index.asp --> ns4.nwon.com /snowrunforfun/sradmin links_index.asp
101.08.03 10:03 B D:\Documents and Settings\mike\My Documents\BusinessCustomers\kelly\snowrunforfun\sradmin\links_modify.asp --> ns4.nwon.com /snowrunforfun/sradmin links_modify.asp
101.08.03 10:03 B D:\Documents and Settings\mike\My Documents\BusinessCustomers\kelly\snowrunforfun\sradmin\photos_admin.asp --> ns4.nwon.com /snowrunforfun/sradmin photos_admin.asp
101.08.03 10:03 B D:\Documents and Settings\mike\My Documents\BusinessCustomers\kelly\snowrunforfun\sradmin\photos_admin_code.asp --> ns4.nwon.com /snowrunforfun/sradmin photos_admin_code.asp
101.08.03 10:03 B D:\Documents and Settings\mike\My Documents\BusinessCustomers\kelly\snowrunforfun\sradmin\photos_admin_form.asp --> ns4.nwon.com /snowrunforfun/sradmin photos_admin_form.asp
101.08.03 10:03 B D:\Documents and Settings\mike\My Documents\BusinessCustomers\kelly\snowrunforfun\sradmin\photos_admin_index.asp --> ns4.nwon.com /snowrunforfun/sradmin photos_admin_index.asp
101.08.03 10:03 B D:\Documents and Settings\mike\My Documents\BusinessCustomers\kelly\snowrunforfun\sradmin\rte.asp --> ns4.nwon.com /snowrunforfun/sradmin rte.asp
101.08.03 10:03 B D:\Documents and Settings\mike\My Documents\BusinessCustomers\kelly\snowrunforfun\sradmin\rte_image.asp --> ns4.nwon.com /snowrunforfun/sradmin rte_image.asp
101.08.03 10:03 B D:\Documents and Settings\mike\My Documents\BusinessCustomers\kelly\snowrunforfun\sradmin\rte_image_tag.asp --> ns4.nwon.com /snowrunforfun/sradmin rte_image_tag.asp
101.08.03 10:03 B D:\Documents and Settings\mike\My Documents\BusinessCustomers\kelly\snowrunforfun\sradmin\rte_image_upload.asp --> ns4.nwon.com /snowrunforfun/sradmin rte_image_upload.asp
101.08.03 10:03 B D:\Documents and Settings\mike\My Documents\BusinessCustomers\kelly\snowrunforfun\sradmin\rte_image_upload_code.asp --> ns4.nwon.com /snowrunforfun/sradmin rte_image_upload_code.asp
101.08.03 10:03 B D:\Documents and Settings\mike\My Documents\BusinessCustomers\kelly\snowrunforfun\sradmin\validate_delete.asp --> ns4.nwon.com /snowrunforfun/sradmin validate_delete.asp
101.08.03 10:03 B D:\Documents and Settings\mike\My Documents\BusinessCustomers\kelly\snowrunforfun\sradmin\style.css --> ns4.nwon.com /snowrunforfun/sradmin style.css
101.08.03 10:03 B D:\Documents and Settings\mike\My Documents\BusinessCustomers\kelly\snowrunforfun\sradmin\rte_tbEN.gif --> ns4.nwon.com /snowrunforfun/sradmin rte_tbEN.gif
101.08.03 10:03 B D:\Documents and Settings\mike\My Documents\BusinessCustomers\kelly\snowrunforfun\sradmin\admin_menu.inc --> ns4.nwon.com /snowrunforfun/sradmin admin_menu.inc
101.08.03 10:03 B D:\Documents and Settings\mike\My Documents\BusinessCustomers\kelly\snowrunforfun\sradmin\connection.inc --> ns4.nwon.com /snowrunforfun/sradmin connection.inc
101.08.03 10:03 B D:\Documents and Settings\mike\My Documents\BusinessCustomers\kelly\snowrunforfun\sradmin\rte.js --> ns4.nwon.com /snowrunforfun/sradmin rte.js
101.08.03 10:03 B D:\Documents and Settings\mike\My Documents\BusinessCustomers\kelly\snowrunforfun\sradmin\rte_res.js --> ns4.nwon.com /snowrunforfun/sradmin rte_res.js
101.08.03 10:03 B D:\Documents and Settings\mike\My Documents\BusinessCustomers\kelly\snowrunforfun\sradmin\WS_FTP.LOG --> ns4.nwon.com /snowrunforfun/sradmin WS_FTP.LOG
101.08.03 10:03 B D:\Documents and Settings\mike\My Documents\BusinessCustomers\kelly\snowrunforfun\sradmin\rte_ico_gif.png --> ns4.nwon.com /snowrunforfun/sradmin rte_ico_gif.png
101.08.03 10:03 B D:\Documents and Settings\mike\My Documents\BusinessCustomers\kelly\snowrunforfun\sradmin\rte_ico_jpg.png --> ns4.nwon.com /snowrunforfun/sradmin rte_ico_jpg.png
101.08.03 10:03 B D:\Documents and Settings\mike\My Documents\BusinessCustomers\kelly\snowrunforfun\sradmin\rte_ico_png.png --> ns4.nwon.com /snowrunforfun/sradmin rte_ico_png.png
101.11.12 09:36 B D:\Documents and Settings\mike\My Documents\BusinessCustomers\kelly\snowrunforfun\admin\admin_add_code.asp --> ns4.nwon.com /snowrunforfun/admin admin_add_code.asp
101.11.12 09:36 B D:\Documents and Settings\mike\My Documents\BusinessCustomers\kelly\snowrunforfun\admin\admin_add_form.asp --> ns4.nwon.com /snowrunforfun/admin admin_add_form.asp
101.11.12 09:36 B D:\Documents and Settings\mike\My Documents\BusinessCustomers\kelly\snowrunforfun\admin\admin_delete_code.asp --> ns4.nwon.com /snowrunforfun/admin admin_delete_code.asp
101.11.12 09:36 B D:\Documents and Settings\mike\My Documents\BusinessCustomers\kelly\snowrunforfun\admin\admin_edit_code.asp --> ns4.nwon.com /snowrunforfun/admin admin_edit_code.asp
101.11.12 09:36 B D:\Documents and Settings\mike\My Documents\BusinessCustomers\kelly\snowrunforfun\admin\admin_edit_form.asp --> ns4.nwon.com /snowrunforfun/admin admin_edit_form.asp
101.11.12 09:36 B D:\Documents and Settings\mike\My Documents\BusinessCustomers\kelly\snowrunforfun\admin\admin_edit_homepages.asp --> ns4.nwon.com /snowrunforfun/admin admin_edit_homepages.asp
101.11.12 09:36 B D:\Documents and Settings\mike\My Documents\BusinessCustomers\kelly\snowrunforfun\admin\admin_edit_link.asp --> ns4.nwon.com /snowrunforfun/admin admin_edit_link.asp
101.11.12 09:36 B D:\Documents and Settings\mike\My Documents\BusinessCustomers\kelly\snowrunforfun\admin\admin_error.asp --> ns4.nwon.com /snowrunforfun/admin admin_error.asp
101.11.12 09:36 B D:\Documents and Settings\mike\My Documents\BusinessCustomers\kelly\snowrunforfun\admin\admin_link_page.asp --> ns4.nwon.com /snowrunforfun/admin admin_link_page.asp
101.11.12 09:37 B D:\Documents and Settings\mike\My Documents\BusinessCustomers\kelly\snowrunforfun\admin\admin_orphan_files.asp --> ns4.nwon.com /snowrunforfun/admin admin_orphan_files.asp
101.11.12 09:37 B D:\Documents and Settings\mike\My Documents\BusinessCustomers\kelly\snowrunforfun\admin\admin_orphan_files_protect.asp --> ns4.nwon.com /snowrunforfun/admin admin_orphan_files_protect.asp
101.11.12 09:37 B D:\Documents and Settings\mike\My Documents\BusinessCustomers\kelly\snowrunforfun\admin\hs~index.asp --> ns4.nwon.com /snowrunforfun/admin hs~index.asp
101.11.12 09:37 B D:\Documents and Settings\mike\My Documents\BusinessCustomers\kelly\snowrunforfun\admin\hs~meta_index.asp --> ns4.nwon.com /snowrunforfun/admin hs~meta_index.asp
101.11.12 09:37 B D:\Documents and Settings\mike\My Documents\BusinessCustomers\kelly\snowrunforfun\admin\index.asp --> ns4.nwon.com /snowrunforfun/admin index.asp
101.11.12 09:37 B D:\Documents and Settings\mike\My Documents\BusinessCustomers\kelly\snowrunforfun\admin\meta_add_page.asp --> ns4.nwon.com /snowrunforfun/admin meta_add_page.asp
101.11.12 09:37 B D:\Documents and Settings\mike\My Documents\BusinessCustomers\kelly\snowrunforfun\admin\meta_default_code.asp --> ns4.nwon.com /snowrunforfun/admin meta_default_code.asp
101.11.12 09:37 B D:\Documents and Settings\mike\My Documents\BusinessCustomers\kelly\snowrunforfun\admin\meta_delete_code.asp --> ns4.nwon.com /snowrunforfun/admin meta_delete_code.asp
101.11.12 09:37 B D:\Documents and Settings\mike\My Documents\BusinessCustomers\kelly\snowrunforfun\admin\meta_edit.asp --> ns4.nwon.com /snowrunforfun/admin meta_edit.asp
101.11.12 09:37 B D:\Documents and Settings\mike\My Documents\BusinessCustomers\kelly\snowrunforfun\admin\meta_index.asp --> ns4.nwon.com /snowrunforfun/admin meta_index.asp
101.11.12 09:37 B D:\Documents and Settings\mike\My Documents\BusinessCustomers\kelly\snowrunforfun\admin\icon_add.gif --> ns4.nwon.com /snowrunforfun/admin icon_add.gif
101.11.12 09:37 B D:\Documents and Settings\mike\My Documents\BusinessCustomers\kelly\snowrunforfun\admin\icon_default.gif --> ns4.nwon.com /snowrunforfun/admin icon_default.gif
101.11.12 09:37 B D:\Documents and Settings\mike\My Documents\BusinessCustomers\kelly\snowrunforfun\admin\icon_default_on.gif --> ns4.nwon.com /snowrunforfun/admin icon_default_on.gif
101.11.12 09:37 B D:\Documents and Settings\mike\My Documents\BusinessCustomers\kelly\snowrunforfun\admin\icon_delete.gif --> ns4.nwon.com /snowrunforfun/admin icon_delete.gif
101.11.12 09:37 B D:\Documents and Settings\mike\My Documents\BusinessCustomers\kelly\snowrunforfun\admin\icon_edit.gif --> ns4.nwon.com /snowrunforfun/admin icon_edit.gif
101.11.12 09:37 B D:\Documents and Settings\mike\My Documents\BusinessCustomers\kelly\snowrunforfun\admin\icon_edit_link.gif --> ns4.nwon.com /snowrunforfun/admin icon_edit_link.gif
101.11.12 09:37 B D:\Documents and Settings\mike\My Documents\BusinessCustomers\kelly\snowrunforfun\admin\icon_link.gif --> ns4.nwon.com /snowrunforfun/admin icon_link.gif
101.11.12 09:37 B D:\Documents and Settings\mike\My Documents\BusinessCustomers\kelly\snowrunforfun\admin\icon_link_break.gif --> ns4.nwon.com /snowrunforfun/admin icon_link_break.gif
101.11.12 09:37 B D:\Documents and Settings\mike\My Documents\BusinessCustomers\kelly\snowrunforfun\admin\icon_magnify.gif --> ns4.nwon.com /snowrunforfun/admin icon_magnify.gif
101.11.12 09:37 B D:\Documents and Settings\mike\My Documents\BusinessCustomers\kelly\snowrunforfun\admin\icon_note.gif --> ns4.nwon.com /snowrunforfun/admin icon_note.gif
101.11.12 09:37 B D:\Documents and Settings\mike\My Documents\BusinessCustomers\kelly\snowrunforfun\admin\icon_sort.gif --> ns4.nwon.com /snowrunforfun/admin icon_sort.gif
101.11.12 09:37 B D:\Documents and Settings\mike\My Documents\BusinessCustomers\kelly\snowrunforfun\admin\icon_x.gif --> ns4.nwon.com /snowrunforfun/admin icon_x.gif
101.11.12 09:37 B D:\Documents and Settings\mike\My Documents\BusinessCustomers\kelly\snowrunforfun\admin\admin_menu.inc --> ns4.nwon.com /snowrunforfun/admin admin_menu.inc
101.11.12 09:37 B D:\Documents and Settings\mike\My Documents\BusinessCustomers\kelly\snowrunforfun\admin\overlib_mini.js --> ns4.nwon.com /snowrunforfun/admin overlib_mini.js
101.11.12 09:37 B D:\Documents and Settings\mike\My Documents\BusinessCustomers\kelly\snowrunforfun\admin\WS_FTP.LOG --> ns4.nwon.com /snowrunforfun/admin WS_FTP.LOG
101.12.13 21:14 B D:\Documents and Settings\mike\My Documents\BusinessCustomers\kelly\snowrunforfun\admin\signup_edit.asp --> ns4.nwon.com /snowrunforfun/admin signup_edit.asp
101.12.13 21:14 B D:\Documents and Settings\mike\My Documents\BusinessCustomers\kelly\snowrunforfun\admin\signup_delete.asp --> ns4.nwon.com /snowrunforfun/admin signup_delete.asp
101.12.13 21:14 B D:\Documents and Settings\mike\My Documents\BusinessCustomers\kelly\snowrunforfun\admin\admin_menu.inc --> ns4.nwon.com /snowrunforfun/admin admin_menu.inc
101.12.13 21:14 B D:\Documents and Settings\mike\My Documents\BusinessCustomers\kelly\snowrunforfun\admin\signup.asp --> ns4.nwon.com /snowrunforfun/admin signup.asp
101.12.13 21:16 B D:\Documents and Settings\mike\My Documents\BusinessCustomers\kelly\snowrunforfun\admin\signup.asp --> ns4.nwon.com /snowrunforfun/admin signup.asp
101.12.13 21:21 B D:\Documents and Settings\mike\My Documents\BusinessCustomers\kelly\snowrunforfun\admin\signup_edit.asp --> ns4.nwon.com /snowrunforfun/admin signup_edit.asp
101.12.13 22:05 B D:\Documents and Settings\mike\My Documents\BusinessCustomers\kelly\snowrunforfun\admin\signup.asp --> ns4.nwon.com /snowrunforfun/admin signup.asp
101.12.13 22:05 B D:\Documents and Settings\mike\My Documents\BusinessCustomers\kelly\snowrunforfun\admin\signup_edit.asp --> ns4.nwon.com /snowrunforfun/admin signup_edit.asp
101.12.13 22:48 B D:\Documents and Settings\mike\My Documents\BusinessCustomers\kelly\snowrunforfun\admin\signup_blank.asp --> ns4.nwon.com /snowrunforfun/admin signup_blank.asp
101.12.13 22:48 B D:\Documents and Settings\mike\My Documents\BusinessCustomers\kelly\snowrunforfun\admin\signup.asp --> ns4.nwon.com /snowrunforfun/admin signup.asp
101.12.19 20:38 B D:\Documents and Settings\mike\My Documents\BusinessCustomers\kelly\snowrunforfun\admin\signup_edit.asp --> ns4.nwon.com /snowrunforfun/admin signup_edit.asp
101.12.19 20:41 B D:\Documents and Settings\mike\My Documents\BusinessCustomers\kelly\snowrunforfun\admin\signup_edit.asp --> ns4.nwon.com /snowrunforfun/admin signup_edit.asp
101.12.19 20:43 B D:\Documents and Settings\mike\My Documents\BusinessCustomers\kelly\snowrunforfun\admin\signup_edit.asp --> ns4.nwon.com /snowrunforfun/admin signup_edit.asp
101.12.19 20:57 B D:\Documents and Settings\mike\My Documents\BusinessCustomers\kelly\snowrunforfun\admin\signup_edit.asp --> ns4.nwon.com /snowrunforfun/admin signup_edit.asp
102.01.06 22:27 B D:\Documents and Settings\mike\My Documents\BusinessCustomers\kelly\snowrunforfun\admin\signup_edit.asp --> ns4.nwon.com /snowrunforfun/admin signup_edit.asp
102.01.06 22:27 B D:\Documents and Settings\mike\My Documents\BusinessCustomers\kelly\snowrunforfun\admin\signup.asp --> ns4.nwon.com /snowrunforfun/admin signup.asp
102.01.06 22:27 B D:\Documents and Settings\mike\My Documents\BusinessCustomers\kelly\snowrunforfun\admin\signup_blank.asp --> ns4.nwon.com /snowrunforfun/admin signup_blank.asp
102.01.06 22:52 B D:\Documents and Settings\mike\My Documents\BusinessCustomers\kelly\snowrunforfun\admin\signup_edit.asp --> ns4.nwon.com /snowrunforfun/admin signup_edit.asp
102.01.09 14:57 B D:\Documents and Settings\mike\My Documents\BusinessCustomers\kelly\snowrunforfun\admin\admin_menu.inc --> ns4.nwon.com /snowrunforfun/admin admin_menu.inc
102.01.09 14:57 B D:\Documents and Settings\mike\My Documents\BusinessCustomers\kelly\snowrunforfun\admin\mass_email.asp --> ns4.nwon.com /snowrunforfun/admin mass_email.asp
102.01.09 15:00 B D:\Documents and Settings\mike\My Documents\BusinessCustomers\kelly\snowrunforfun\admin\admin_menu.inc --> ns4.nwon.com /snowrunforfun/admin admin_menu.inc
102.01.09 15:00 B D:\Documents and Settings\mike\My Documents\BusinessCustomers\kelly\snowrunforfun\admin\mass_email.asp --> ns4.nwon.com /snowrunforfun/admin mass_email.asp
102.04.04 11:10 B D:\Documents and Settings\mike\My Documents\BusinessCustomers\kelly\snowrunforfun\admin\admin_add_code.asp --> picklelake.com /digi/admin admin_add_code.asp
102.04.04 11:10 B D:\Documents and Settings\mike\My Documents\BusinessCustomers\kelly\snowrunforfun\admin\admin_add_form.asp --> picklelake.com /digi/admin admin_add_form.asp
102.04.04 11:10 B D:\Documents and Settings\mike\My Documents\BusinessCustomers\kelly\snowrunforfun\admin\admin_delete_code.asp --> picklelake.com /digi/admin admin_delete_code.asp
102.04.04 11:10 B D:\Documents and Settings\mike\My Documents\BusinessCustomers\kelly\snowrunforfun\admin\admin_edit_code.asp --> picklelake.com /digi/admin admin_edit_code.asp
102.04.04 11:10 B D:\Documents and Settings\mike\My Documents\BusinessCustomers\kelly\snowrunforfun\admin\admin_edit_form.asp --> picklelake.com /digi/admin admin_edit_form.asp
102.04.04 11:10 B D:\Documents and Settings\mike\My Documents\BusinessCustomers\kelly\snowrunforfun\admin\admin_edit_homepages.asp --> picklelake.com /digi/admin admin_edit_homepages.asp
102.04.04 11:10 B D:\Documents and Settings\mike\My Documents\BusinessCustomers\kelly\snowrunforfun\admin\admin_edit_link.asp --> picklelake.com /digi/admin admin_edit_link.asp
102.04.04 11:10 B D:\Documents and Settings\mike\My Documents\BusinessCustomers\kelly\snowrunforfun\admin\admin_edit_sort_order.asp --> picklelake.com /digi/admin admin_edit_sort_order.asp
102.04.04 11:10 B D:\Documents and Settings\mike\My Documents\BusinessCustomers\kelly\snowrunforfun\admin\admin_edit_sort_order_code.asp --> picklelake.com /digi/admin admin_edit_sort_order_code.asp
102.04.04 11:10 B D:\Documents and Settings\mike\My Documents\BusinessCustomers\kelly\snowrunforfun\admin\admin_error.asp --> picklelake.com /digi/admin admin_error.asp
102.04.04 11:10 B D:\Documents and Settings\mike\My Documents\BusinessCustomers\kelly\snowrunforfun\admin\admin_link_page.asp --> picklelake.com /digi/admin admin_link_page.asp
102.04.04 11:10 B D:\Documents and Settings\mike\My Documents\BusinessCustomers\kelly\snowrunforfun\admin\admin_menu.inc --> picklelake.com /digi/admin admin_menu.inc
102.04.04 11:10 B D:\Documents and Settings\mike\My Documents\BusinessCustomers\kelly\snowrunforfun\admin\admin_orphan_files.asp --> picklelake.com /digi/admin admin_orphan_files.asp
102.04.04 11:10 B D:\Documents and Settings\mike\My Documents\BusinessCustomers\kelly\snowrunforfun\admin\admin_orphan_files_delete.asp --> picklelake.com /digi/admin admin_orphan_files_delete.asp
102.04.04 11:10 B D:\Documents and Settings\mike\My Documents\BusinessCustomers\kelly\snowrunforfun\admin\admin_orphan_files_protect.asp --> picklelake.com /digi/admin admin_orphan_files_protect.asp
102.04.04 11:10 B D:\Documents and Settings\mike\My Documents\BusinessCustomers\kelly\snowrunforfun\admin\admin_remove_code.asp --> picklelake.com /digi/admin admin_remove_code.asp
102.04.04 11:10 B D:\Documents and Settings\mike\My Documents\BusinessCustomers\kelly\snowrunforfun\admin\icon_add.gif --> picklelake.com /digi/admin icon_add.gif
102.04.04 11:10 B D:\Documents and Settings\mike\My Documents\BusinessCustomers\kelly\snowrunforfun\admin\icon_default.gif --> picklelake.com /digi/admin icon_default.gif
102.04.04 11:10 B D:\Documents and Settings\mike\My Documents\BusinessCustomers\kelly\snowrunforfun\admin\icon_default_on.gif --> picklelake.com /digi/admin icon_default_on.gif
102.04.04 11:10 B D:\Documents and Settings\mike\My Documents\BusinessCustomers\kelly\snowrunforfun\admin\icon_delete.gif --> picklelake.com /digi/admin icon_delete.gif
102.04.04 11:10 B D:\Documents and Settings\mike\My Documents\BusinessCustomers\kelly\snowrunforfun\admin\icon_edit.gif --> picklelake.com /digi/admin icon_edit.gif
102.04.04 11:10 B D:\Documents and Settings\mike\My Documents\BusinessCustomers\kelly\snowrunforfun\admin\icon_edit_link.gif --> picklelake.com /digi/admin icon_edit_link.gif
102.04.04 11:10 B D:\Documents and Settings\mike\My Documents\BusinessCustomers\kelly\snowrunforfun\admin\icon_link.gif --> picklelake.com /digi/admin icon_link.gif
102.04.04 11:10 B D:\Documents and Settings\mike\My Documents\BusinessCustomers\kelly\snowrunforfun\admin\icon_link_break.gif --> picklelake.com /digi/admin icon_link_break.gif
102.04.04 11:10 B D:\Documents and Settings\mike\My Documents\BusinessCustomers\kelly\snowrunforfun\admin\icon_magnify.gif --> picklelake.com /digi/admin icon_magnify.gif
102.04.04 11:10 B D:\Documents and Settings\mike\My Documents\BusinessCustomers\kelly\snowrunforfun\admin\icon_note.gif --> picklelake.com /digi/admin icon_note.gif
102.04.04 11:10 B D:\Documents and Settings\mike\My Documents\BusinessCustomers\kelly\snowrunforfun\admin\icon_sort.gif --> picklelake.com /digi/admin icon_sort.gif
102.04.04 11:10 B D:\Documents and Settings\mike\My Documents\BusinessCustomers\kelly\snowrunforfun\admin\icon_x.gif --> picklelake.com /digi/admin icon_x.gif
102.04.04 11:11 B D:\Documents and Settings\mike\My Documents\BusinessCustomers\kelly\snowrunforfun\admin\index.asp --> picklelake.com /digi/admin index.asp
102.06.25 08:45 B D:\Documents and Settings\mike\My Documents\BusinessCustomers\kelly\snowrunforfun\admin\ace_Image_app.asp --> ns4.nwon.com /snowrunforfun/admin ace_Image_app.asp
102.06.25 08:45 B D:\Documents and Settings\mike\My Documents\BusinessCustomers\kelly\snowrunforfun\admin\admin_edit_form.asp --> ns4.nwon.com /snowrunforfun/admin admin_edit_form.asp
102.06.25 08:45 B D:\Documents and Settings\mike\My Documents\BusinessCustomers\kelly\snowrunforfun\admin\admin_add_form.asp --> ns4.nwon.com /snowrunforfun/admin admin_add_form.asp
102.06.25 08:45 B D:\Documents and Settings\mike\My Documents\BusinessCustomers\kelly\snowrunforfun\admin\ace_upload.inc --> ns4.nwon.com /snowrunforfun/admin ace_upload.inc
102.06.25 08:45 B D:\Documents and Settings\mike\My Documents\BusinessCustomers\kelly\snowrunforfun\admin\admin_edit_code.asp --> ns4.nwon.com /snowrunforfun/admin admin_edit_code.asp
102.06.25 08:45 B D:\Documents and Settings\mike\My Documents\BusinessCustomers\kelly\snowrunforfun\admin\admin_add_code.asp --> ns4.nwon.com /snowrunforfun/admin admin_add_code.asp
102.06.25 08:45 B D:\Documents and Settings\mike\My Documents\BusinessCustomers\kelly\snowrunforfun\admin\ace.htc --> ns4.nwon.com /snowrunforfun/admin ace.htc
102.06.25 08:45 B D:\Documents and Settings\mike\My Documents\BusinessCustomers\kelly\snowrunforfun\admin\ace.gif --> ns4.nwon.com /snowrunforfun/admin ace.gif
102.06.25 08:45 B D:\Documents and Settings\mike\My Documents\BusinessCustomers\kelly\snowrunforfun\admin\ace.css --> ns4.nwon.com /snowrunforfun/admin ace.css
102.06.25 08:55 B D:\Documents and Settings\mike\My Documents\BusinessCustomers\kelly\snowrunforfun\admin\admin_add_form.asp --> ns4.nwon.com /snowrunforfun/admin admin_add_form.asp
102.06.25 08:55 B D:\Documents and Settings\mike\My Documents\BusinessCustomers\kelly\snowrunforfun\admin\admin_edit_form.asp --> ns4.nwon.com /snowrunforfun/admin admin_edit_form.asp
102.11.21 09:19 B D:\Documents and Settings\mike\My Documents\BusinessCustomers\kelly\snowrunforfun\admin\ace_Image_app.asp --> web1.nwondom.nwon.com /snowrunforfun/admin ace_Image_app.asp
102.11.21 09:19 B D:\Documents and Settings\mike\My Documents\BusinessCustomers\kelly\snowrunforfun\admin\admin_add_code.asp --> web1.nwondom.nwon.com /snowrunforfun/admin admin_add_code.asp
102.11.21 09:19 B D:\Documents and Settings\mike\My Documents\BusinessCustomers\kelly\snowrunforfun\admin\admin_add_form.asp --> web1.nwondom.nwon.com /snowrunforfun/admin admin_add_form.asp
102.11.21 09:19 B D:\Documents and Settings\mike\My Documents\BusinessCustomers\kelly\snowrunforfun\admin\admin_delete_code.asp --> web1.nwondom.nwon.com /snowrunforfun/admin admin_delete_code.asp
102.11.21 09:19 B D:\Documents and Settings\mike\My Documents\BusinessCustomers\kelly\snowrunforfun\admin\admin_edit_code.asp --> web1.nwondom.nwon.com /snowrunforfun/admin admin_edit_code.asp
102.11.21 09:19 B D:\Documents and Settings\mike\My Documents\BusinessCustomers\kelly\snowrunforfun\admin\admin_edit_form.asp --> web1.nwondom.nwon.com /snowrunforfun/admin admin_edit_form.asp
102.11.21 09:19 B D:\Documents and Settings\mike\My Documents\BusinessCustomers\kelly\snowrunforfun\admin\admin_edit_homepages.asp --> web1.nwondom.nwon.com /snowrunforfun/admin admin_edit_homepages.asp
102.11.21 09:19 B D:\Documents and Settings\mike\My Documents\BusinessCustomers\kelly\snowrunforfun\admin\admin_edit_link.asp --> web1.nwondom.nwon.com /snowrunforfun/admin admin_edit_link.asp
102.11.21 09:19 B D:\Documents and Settings\mike\My Documents\BusinessCustomers\kelly\snowrunforfun\admin\admin_edit_sort_order.asp --> web1.nwondom.nwon.com /snowrunforfun/admin admin_edit_sort_order.asp
102.11.21 09:19 B D:\Documents and Settings\mike\My Documents\BusinessCustomers\kelly\snowrunforfun\admin\admin_edit_sort_order_code.asp --> web1.nwondom.nwon.com /snowrunforfun/admin admin_edit_sort_order_code.asp
102.11.21 09:19 B D:\Documents and Settings\mike\My Documents\BusinessCustomers\kelly\snowrunforfun\admin\admin_error.asp --> web1.nwondom.nwon.com /snowrunforfun/admin admin_error.asp
102.11.21 09:19 B D:\Documents and Settings\mike\My Documents\BusinessCustomers\kelly\snowrunforfun\admin\admin_link_page.asp --> web1.nwondom.nwon.com /snowrunforfun/admin admin_link_page.asp
102.11.21 09:19 B D:\Documents and Settings\mike\My Documents\BusinessCustomers\kelly\snowrunforfun\admin\admin_orphan_files.asp --> web1.nwondom.nwon.com /snowrunforfun/admin admin_orphan_files.asp
102.11.21 09:19 B D:\Documents and Settings\mike\My Documents\BusinessCustomers\kelly\snowrunforfun\admin\admin_orphan_files_delete.asp --> web1.nwondom.nwon.com /snowrunforfun/admin admin_orphan_files_delete.asp
102.11.21 09:19 B D:\Documents and Settings\mike\My Documents\BusinessCustomers\kelly\snowrunforfun\admin\admin_orphan_files_protect.asp --> web1.nwondom.nwon.com /snowrunforfun/admin admin_orphan_files_protect.asp
102.11.21 09:19 B D:\Documents and Settings\mike\My Documents\BusinessCustomers\kelly\snowrunforfun\admin\admin_remove_code.asp --> web1.nwondom.nwon.com /snowrunforfun/admin admin_remove_code.asp
102.11.21 09:19 B D:\Documents and Settings\mike\My Documents\BusinessCustomers\kelly\snowrunforfun\admin\guestbook_index.asp --> web1.nwondom.nwon.com /snowrunforfun/admin guestbook_index.asp
102.11.21 09:19 B D:\Documents and Settings\mike\My Documents\BusinessCustomers\kelly\snowrunforfun\admin\hs~index.asp --> web1.nwondom.nwon.com /snowrunforfun/admin hs~index.asp
102.11.21 09:19 B D:\Documents and Settings\mike\My Documents\BusinessCustomers\kelly\snowrunforfun\admin\hs~newsletter_form_edit.asp --> web1.nwondom.nwon.com /snowrunforfun/admin hs~newsletter_form_edit.asp
102.11.21 09:19 B D:\Documents and Settings\mike\My Documents\BusinessCustomers\kelly\snowrunforfun\admin\hs~temp.asp --> web1.nwondom.nwon.com /snowrunforfun/admin hs~temp.asp
102.11.21 09:19 B D:\Documents and Settings\mike\My Documents\BusinessCustomers\kelly\snowrunforfun\admin\hs~validate_delete.asp --> web1.nwondom.nwon.com /snowrunforfun/admin hs~validate_delete.asp
102.11.21 09:19 B D:\Documents and Settings\mike\My Documents\BusinessCustomers\kelly\snowrunforfun\admin\image_uploader.asp --> web1.nwondom.nwon.com /snowrunforfun/admin image_uploader.asp
102.11.21 09:19 B D:\Documents and Settings\mike\My Documents\BusinessCustomers\kelly\snowrunforfun\admin\image_uploader_code.asp --> web1.nwondom.nwon.com /snowrunforfun/admin image_uploader_code.asp
102.11.21 09:19 B D:\Documents and Settings\mike\My Documents\BusinessCustomers\kelly\snowrunforfun\admin\image_uploader_form.asp --> web1.nwondom.nwon.com /snowrunforfun/admin image_uploader_form.asp
102.11.21 09:19 B D:\Documents and Settings\mike\My Documents\BusinessCustomers\kelly\snowrunforfun\admin\index.asp --> web1.nwondom.nwon.com /snowrunforfun/admin index.asp
102.11.21 09:19 B D:\Documents and Settings\mike\My Documents\BusinessCustomers\kelly\snowrunforfun\admin\links_delete.asp --> web1.nwondom.nwon.com /snowrunforfun/admin links_delete.asp
102.11.21 09:19 B D:\Documents and Settings\mike\My Documents\BusinessCustomers\kelly\snowrunforfun\admin\links_index.asp --> web1.nwondom.nwon.com /snowrunforfun/admin links_index.asp
102.11.21 09:19 B D:\Documents and Settings\mike\My Documents\BusinessCustomers\kelly\snowrunforfun\admin\links_modify.asp --> web1.nwondom.nwon.com /snowrunforfun/admin links_modify.asp
102.11.21 09:19 B D:\Documents and Settings\mike\My Documents\BusinessCustomers\kelly\snowrunforfun\admin\mass_email.asp --> web1.nwondom.nwon.com /snowrunforfun/admin mass_email.asp
102.11.21 09:19 B D:\Documents and Settings\mike\My Documents\BusinessCustomers\kelly\snowrunforfun\admin\meta_add_page.asp --> web1.nwondom.nwon.com /snowrunforfun/admin meta_add_page.asp
102.11.21 09:19 B D:\Documents and Settings\mike\My Documents\BusinessCustomers\kelly\snowrunforfun\admin\meta_default_code.asp --> web1.nwondom.nwon.com /snowrunforfun/admin meta_default_code.asp
102.11.21 09:19 B D:\Documents and Settings\mike\My Documents\BusinessCustomers\kelly\snowrunforfun\admin\meta_delete_code.asp --> web1.nwondom.nwon.com /snowrunforfun/admin meta_delete_code.asp
102.11.21 09:19 B D:\Documents and Settings\mike\My Documents\BusinessCustomers\kelly\snowrunforfun\admin\meta_edit.asp --> web1.nwondom.nwon.com /snowrunforfun/admin meta_edit.asp
102.11.21 09:19 B D:\Documents and Settings\mike\My Documents\BusinessCustomers\kelly\snowrunforfun\admin\meta_index.asp --> web1.nwondom.nwon.com /snowrunforfun/admin meta_index.asp
102.11.21 09:19 B D:\Documents and Settings\mike\My Documents\BusinessCustomers\kelly\snowrunforfun\admin\newsletter_code_add.asp --> web1.nwondom.nwon.com /snowrunforfun/admin newsletter_code_add.asp
102.11.21 09:19 B D:\Documents and Settings\mike\My Documents\BusinessCustomers\kelly\snowrunforfun\admin\newsletter_code_addpics.asp --> web1.nwondom.nwon.com /snowrunforfun/admin newsletter_code_addpics.asp
102.11.21 09:19 B D:\Documents and Settings\mike\My Documents\BusinessCustomers\kelly\snowrunforfun\admin\newsletter_code_edit.asp --> web1.nwondom.nwon.com /snowrunforfun/admin newsletter_code_edit.asp
102.11.21 09:19 B D:\Documents and Settings\mike\My Documents\BusinessCustomers\kelly\snowrunforfun\admin\newsletter_code_set_active.asp --> web1.nwondom.nwon.com /snowrunforfun/admin newsletter_code_set_active.asp
102.11.21 09:19 B D:\Documents and Settings\mike\My Documents\BusinessCustomers\kelly\snowrunforfun\admin\newsletter_delete.asp --> web1.nwondom.nwon.com /snowrunforfun/admin newsletter_delete.asp
102.11.21 09:19 B D:\Documents and Settings\mike\My Documents\BusinessCustomers\kelly\snowrunforfun\admin\newsletter_edit_pics.asp --> web1.nwondom.nwon.com /snowrunforfun/admin newsletter_edit_pics.asp
102.11.21 09:19 B D:\Documents and Settings\mike\My Documents\BusinessCustomers\kelly\snowrunforfun\admin\newsletter_form_add.asp --> web1.nwondom.nwon.com /snowrunforfun/admin newsletter_form_add.asp
102.11.21 09:19 B D:\Documents and Settings\mike\My Documents\BusinessCustomers\kelly\snowrunforfun\admin\newsletter_form_edit.asp --> web1.nwondom.nwon.com /snowrunforfun/admin newsletter_form_edit.asp
102.11.21 09:19 B D:\Documents and Settings\mike\My Documents\BusinessCustomers\kelly\snowrunforfun\admin\newsletter_index.asp --> web1.nwondom.nwon.com /snowrunforfun/admin newsletter_index.asp
102.11.21 09:19 B D:\Documents and Settings\mike\My Documents\BusinessCustomers\kelly\snowrunforfun\admin\newsletter_remove.asp --> web1.nwondom.nwon.com /snowrunforfun/admin newsletter_remove.asp
102.11.21 09:19 B D:\Documents and Settings\mike\My Documents\BusinessCustomers\kelly\snowrunforfun\admin\photos_admin.asp --> web1.nwondom.nwon.com /snowrunforfun/admin photos_admin.asp
102.11.21 09:19 B D:\Documents and Settings\mike\My Documents\BusinessCustomers\kelly\snowrunforfun\admin\photos_admin_code.asp --> web1.nwondom.nwon.com /snowrunforfun/admin photos_admin_code.asp
102.11.21 09:20 B D:\Documents and Settings\mike\My Documents\BusinessCustomers\kelly\snowrunforfun\admin\photos_admin_form.asp --> web1.nwondom.nwon.com /snowrunforfun/admin photos_admin_form.asp
102.11.21 09:20 B D:\Documents and Settings\mike\My Documents\BusinessCustomers\kelly\snowrunforfun\admin\photos_admin_index.asp --> web1.nwondom.nwon.com /snowrunforfun/admin photos_admin_index.asp
102.11.21 09:20 B D:\Documents and Settings\mike\My Documents\BusinessCustomers\kelly\snowrunforfun\admin\signup.asp --> web1.nwondom.nwon.com /snowrunforfun/admin signup.asp
102.11.21 09:20 B D:\Documents and Settings\mike\My Documents\BusinessCustomers\kelly\snowrunforfun\admin\signup_blank.asp --> web1.nwondom.nwon.com /snowrunforfun/admin signup_blank.asp
102.11.21 09:20 B D:\Documents and Settings\mike\My Documents\BusinessCustomers\kelly\snowrunforfun\admin\signup_delete.asp --> web1.nwondom.nwon.com /snowrunforfun/admin signup_delete.asp
102.11.21 09:20 B D:\Documents and Settings\mike\My Documents\BusinessCustomers\kelly\snowrunforfun\admin\signup_edit.asp --> web1.nwondom.nwon.com /snowrunforfun/admin signup_edit.asp
102.11.21 09:20 B D:\Documents and Settings\mike\My Documents\BusinessCustomers\kelly\snowrunforfun\admin\temp.asp --> web1.nwondom.nwon.com /snowrunforfun/admin temp.asp
102.11.21 09:20 B D:\Documents and Settings\mike\My Documents\BusinessCustomers\kelly\snowrunforfun\admin\validate_delete.asp --> web1.nwondom.nwon.com /snowrunforfun/admin validate_delete.asp
102.11.21 09:20 B D:\Documents and Settings\mike\My Documents\BusinessCustomers\kelly\snowrunforfun\admin\ace.css --> web1.nwondom.nwon.com /snowrunforfun/admin ace.css
102.11.21 09:20 B D:\Documents and Settings\mike\My Documents\BusinessCustomers\kelly\snowrunforfun\admin\style.css --> web1.nwondom.nwon.com /snowrunforfun/admin style.css
102.11.21 09:20 B D:\Documents and Settings\mike\My Documents\BusinessCustomers\kelly\snowrunforfun\admin\ace.gif --> web1.nwondom.nwon.com /snowrunforfun/admin ace.gif
102.11.21 09:20 B D:\Documents and Settings\mike\My Documents\BusinessCustomers\kelly\snowrunforfun\admin\button_down.gif --> web1.nwondom.nwon.com /snowrunforfun/admin button_down.gif
102.11.21 09:20 B D:\Documents and Settings\mike\My Documents\BusinessCustomers\kelly\snowrunforfun\admin\button_normal.gif --> web1.nwondom.nwon.com /snowrunforfun/admin button_normal.gif
102.11.21 09:20 B D:\Documents and Settings\mike\My Documents\BusinessCustomers\kelly\snowrunforfun\admin\button_up.gif --> web1.nwondom.nwon.com /snowrunforfun/admin button_up.gif
102.11.21 09:20 B D:\Documents and Settings\mike\My Documents\BusinessCustomers\kelly\snowrunforfun\admin\icon_add.gif --> web1.nwondom.nwon.com /snowrunforfun/admin icon_add.gif
102.11.21 09:20 B D:\Documents and Settings\mike\My Documents\BusinessCustomers\kelly\snowrunforfun\admin\icon_default.gif --> web1.nwondom.nwon.com /snowrunforfun/admin icon_default.gif
102.11.21 09:20 B D:\Documents and Settings\mike\My Documents\BusinessCustomers\kelly\snowrunforfun\admin\icon_default_on.gif --> web1.nwondom.nwon.com /snowrunforfun/admin icon_default_on.gif
102.11.21 09:20 B D:\Documents and Settings\mike\My Documents\BusinessCustomers\kelly\snowrunforfun\admin\icon_delete.gif --> web1.nwondom.nwon.com /snowrunforfun/admin icon_delete.gif
102.11.21 09:20 B D:\Documents and Settings\mike\My Documents\BusinessCustomers\kelly\snowrunforfun\admin\icon_edit.gif --> web1.nwondom.nwon.com /snowrunforfun/admin icon_edit.gif
102.11.21 09:20 B D:\Documents and Settings\mike\My Documents\BusinessCustomers\kelly\snowrunforfun\admin\icon_edit_link.gif --> web1.nwondom.nwon.com /snowrunforfun/admin icon_edit_link.gif
102.11.21 09:20 B D:\Documents and Settings\mike\My Documents\BusinessCustomers\kelly\snowrunforfun\admin\icon_link.gif --> web1.nwondom.nwon.com /snowrunforfun/admin icon_link.gif
102.11.21 09:20 B D:\Documents and Settings\mike\My Documents\BusinessCustomers\kelly\snowrunforfun\admin\icon_link_break.gif --> web1.nwondom.nwon.com /snowrunforfun/admin icon_link_break.gif
102.11.21 09:20 B D:\Documents and Settings\mike\My Documents\BusinessCustomers\kelly\snowrunforfun\admin\icon_magnify.gif --> web1.nwondom.nwon.com /snowrunforfun/admin icon_magnify.gif
102.11.21 09:20 B D:\Documents and Settings\mike\My Documents\BusinessCustomers\kelly\snowrunforfun\admin\icon_note.gif --> web1.nwondom.nwon.com /snowrunforfun/admin icon_note.gif
102.11.21 09:20 B D:\Documents and Settings\mike\My Documents\BusinessCustomers\kelly\snowrunforfun\admin\icon_sort.gif --> web1.nwondom.nwon.com /snowrunforfun/admin icon_sort.gif
102.11.21 09:20 B D:\Documents and Settings\mike\My Documents\BusinessCustomers\kelly\snowrunforfun\admin\icon_x.gif --> web1.nwondom.nwon.com /snowrunforfun/admin icon_x.gif
102.11.21 09:20 B D:\Documents and Settings\mike\My Documents\BusinessCustomers\kelly\snowrunforfun\admin\toolbar.gif --> web1.nwondom.nwon.com /snowrunforfun/admin toolbar.gif
102.11.21 09:20 B D:\Documents and Settings\mike\My Documents\BusinessCustomers\kelly\snowrunforfun\admin\toolbar_spacer.gif --> web1.nwondom.nwon.com /snowrunforfun/admin toolbar_spacer.gif
102.11.21 09:20 B D:\Documents and Settings\mike\My Documents\BusinessCustomers\kelly\snowrunforfun\admin\ace.htc --> web1.nwondom.nwon.com /snowrunforfun/admin ace.htc
102.11.21 09:20 B D:\Documents and Settings\mike\My Documents\BusinessCustomers\kelly\snowrunforfun\admin\Untitled1.html --> web1.nwondom.nwon.com /snowrunforfun/admin Untitled1.html
102.11.21 09:20 B D:\Documents and Settings\mike\My Documents\BusinessCustomers\kelly\snowrunforfun\admin\ace_upload.inc --> web1.nwondom.nwon.com /snowrunforfun/admin ace_upload.inc
102.11.21 09:20 B D:\Documents and Settings\mike\My Documents\BusinessCustomers\kelly\snowrunforfun\admin\admin_menu.inc --> web1.nwondom.nwon.com /snowrunforfun/admin admin_menu.inc
102.11.21 09:20 B D:\Documents and Settings\mike\My Documents\BusinessCustomers\kelly\snowrunforfun\admin\connection.inc --> web1.nwondom.nwon.com /snowrunforfun/admin connection.inc
102.11.21 09:20 B D:\Documents and Settings\mike\My Documents\BusinessCustomers\kelly\snowrunforfun\admin\hs~connection.inc --> web1.nwondom.nwon.com /snowrunforfun/admin hs~connection.inc
102.11.21 09:20 B D:\Documents and Settings\mike\My Documents\BusinessCustomers\kelly\snowrunforfun\admin\overlib_mini.js --> web1.nwondom.nwon.com /snowrunforfun/admin overlib_mini.js
102.11.21 09:20 B D:\Documents and Settings\mike\My Documents\BusinessCustomers\kelly\snowrunforfun\admin\WS_FTP.LOG --> web1.nwondom.nwon.com /snowrunforfun/admin WS_FTP.LOG
102.11.21 09:20 B D:\Documents and Settings\mike\My Documents\BusinessCustomers\kelly\snowrunforfun\admin\ASPRichEdit.wsc --> web1.nwondom.nwon.com /snowrunforfun/admin ASPRichEdit.wsc
103.01.16 20:46 B D:\Documents and Settings\mike\My Documents\BusinessCustomers\nwl\nwl\admin\ace.css --> web1.nwondom.nwon.com /nwl/admin ace.css
103.01.16 20:46 B D:\Documents and Settings\mike\My Documents\BusinessCustomers\nwl\nwl\admin\ace.gif --> web1.nwondom.nwon.com /nwl/admin ace.gif
103.01.16 20:46 B D:\Documents and Settings\mike\My Documents\BusinessCustomers\nwl\nwl\admin\ace.htc --> web1.nwondom.nwon.com /nwl/admin ace.htc
103.01.16 20:46 B D:\Documents and Settings\mike\My Documents\BusinessCustomers\nwl\nwl\admin\ace_Image_app.asp --> web1.nwondom.nwon.com /nwl/admin ace_Image_app.asp
103.01.16 20:46 B D:\Documents and Settings\mike\My Documents\BusinessCustomers\nwl\nwl\admin\ace_upload.inc --> web1.nwondom.nwon.com /nwl/admin ace_upload.inc
103.01.16 20:46 B D:\Documents and Settings\mike\My Documents\BusinessCustomers\nwl\nwl\admin\admin_add_code.asp --> web1.nwondom.nwon.com /nwl/admin admin_add_code.asp
103.01.16 20:46 B D:\Documents and Settings\mike\My Documents\BusinessCustomers\nwl\nwl\admin\admin_add_form.asp --> web1.nwondom.nwon.com /nwl/admin admin_add_form.asp
103.01.16 20:46 B D:\Documents and Settings\mike\My Documents\BusinessCustomers\nwl\nwl\admin\admin_del_main_menu.asp --> web1.nwondom.nwon.com /nwl/admin admin_del_main_menu.asp
103.01.16 20:46 B D:\Documents and Settings\mike\My Documents\BusinessCustomers\nwl\nwl\admin\admin_delete_code.asp --> web1.nwondom.nwon.com /nwl/admin admin_delete_code.asp
103.01.16 20:46 B D:\Documents and Settings\mike\My Documents\BusinessCustomers\nwl\nwl\admin\admin_edit_code.asp --> web1.nwondom.nwon.com /nwl/admin admin_edit_code.asp
103.01.16 20:46 B D:\Documents and Settings\mike\My Documents\BusinessCustomers\nwl\nwl\admin\admin_edit_form.asp --> web1.nwondom.nwon.com /nwl/admin admin_edit_form.asp
103.01.16 20:46 B D:\Documents and Settings\mike\My Documents\BusinessCustomers\nwl\nwl\admin\admin_edit_link.asp --> web1.nwondom.nwon.com /nwl/admin admin_edit_link.asp
103.01.16 20:46 B D:\Documents and Settings\mike\My Documents\BusinessCustomers\nwl\nwl\admin\admin_edit_sort_order.asp --> web1.nwondom.nwon.com /nwl/admin admin_edit_sort_order.asp
103.01.16 20:46 B D:\Documents and Settings\mike\My Documents\BusinessCustomers\nwl\nwl\admin\admin_edit_sort_order_code.asp --> web1.nwondom.nwon.com /nwl/admin admin_edit_sort_order_code.asp
103.01.16 20:47 B D:\Documents and Settings\mike\My Documents\BusinessCustomers\nwl\nwl\admin\admin_edit_sort_order_main.asp --> web1.nwondom.nwon.com /nwl/admin admin_edit_sort_order_main.asp
103.01.16 20:47 B D:\Documents and Settings\mike\My Documents\BusinessCustomers\nwl\nwl\admin\admin_edit_sort_order_main_code.asp --> web1.nwondom.nwon.com /nwl/admin admin_edit_sort_order_main_code.asp
103.01.16 20:47 B D:\Documents and Settings\mike\My Documents\BusinessCustomers\nwl\nwl\admin\admin_error.asp --> web1.nwondom.nwon.com /nwl/admin admin_error.asp
103.01.16 20:47 B D:\Documents and Settings\mike\My Documents\BusinessCustomers\nwl\nwl\admin\admin_link_page.asp --> web1.nwondom.nwon.com /nwl/admin admin_link_page.asp
103.01.16 20:47 B D:\Documents and Settings\mike\My Documents\BusinessCustomers\nwl\nwl\admin\admin_main_menu.asp --> web1.nwondom.nwon.com /nwl/admin admin_main_menu.asp
103.01.16 20:47 B D:\Documents and Settings\mike\My Documents\BusinessCustomers\nwl\nwl\admin\admin_menu.asp --> web1.nwondom.nwon.com /nwl/admin admin_menu.asp
103.01.16 20:47 B D:\Documents and Settings\mike\My Documents\BusinessCustomers\nwl\nwl\admin\admin_new_page_add.asp --> web1.nwondom.nwon.com /nwl/admin admin_new_page_add.asp
103.01.16 20:47 B D:\Documents and Settings\mike\My Documents\BusinessCustomers\nwl\nwl\admin\admin_orphan_files.asp --> web1.nwondom.nwon.com /nwl/admin admin_orphan_files.asp
103.01.16 20:47 B D:\Documents and Settings\mike\My Documents\BusinessCustomers\nwl\nwl\admin\admin_orphan_files_delete.asp --> web1.nwondom.nwon.com /nwl/admin admin_orphan_files_delete.asp
103.01.16 20:47 B D:\Documents and Settings\mike\My Documents\BusinessCustomers\nwl\nwl\admin\admin_remove_code.asp --> web1.nwondom.nwon.com /nwl/admin admin_remove_code.asp
103.01.16 20:47 B D:\Documents and Settings\mike\My Documents\BusinessCustomers\nwl\nwl\admin\ASPRichEdit.wsc --> web1.nwondom.nwon.com /nwl/admin ASPRichEdit.wsc
103.01.16 20:47 B D:\Documents and Settings\mike\My Documents\BusinessCustomers\nwl\nwl\admin\button_down.gif --> web1.nwondom.nwon.com /nwl/admin button_down.gif
103.01.16 20:47 B D:\Documents and Settings\mike\My Documents\BusinessCustomers\nwl\nwl\admin\button_normal.gif --> web1.nwondom.nwon.com /nwl/admin button_normal.gif
103.01.16 20:47 B D:\Documents and Settings\mike\My Documents\BusinessCustomers\nwl\nwl\admin\button_up.gif --> web1.nwondom.nwon.com /nwl/admin button_up.gif
103.01.16 20:47 B D:\Documents and Settings\mike\My Documents\BusinessCustomers\nwl\nwl\admin\connection.asp --> web1.nwondom.nwon.com /nwl/admin connection.asp
103.01.16 20:47 B D:\Documents and Settings\mike\My Documents\BusinessCustomers\nwl\nwl\admin\icon_add.gif --> web1.nwondom.nwon.com /nwl/admin icon_add.gif
103.01.16 20:47 B D:\Documents and Settings\mike\My Documents\BusinessCustomers\nwl\nwl\admin\icon_default.gif --> web1.nwondom.nwon.com /nwl/admin icon_default.gif
103.01.16 20:47 B D:\Documents and Settings\mike\My Documents\BusinessCustomers\nwl\nwl\admin\icon_default_on.gif --> web1.nwondom.nwon.com /nwl/admin icon_default_on.gif
103.01.16 20:47 B D:\Documents and Settings\mike\My Documents\BusinessCustomers\nwl\nwl\admin\icon_delete.gif --> web1.nwondom.nwon.com /nwl/admin icon_delete.gif
103.01.16 20:47 B D:\Documents and Settings\mike\My Documents\BusinessCustomers\nwl\nwl\admin\icon_edit.gif --> web1.nwondom.nwon.com /nwl/admin icon_edit.gif
103.01.16 20:47 B D:\Documents and Settings\mike\My Documents\BusinessCustomers\nwl\nwl\admin\icon_edit_link.gif --> web1.nwondom.nwon.com /nwl/admin icon_edit_link.gif
103.01.16 20:47 B D:\Documents and Settings\mike\My Documents\BusinessCustomers\nwl\nwl\admin\icon_link.gif --> web1.nwondom.nwon.com /nwl/admin icon_link.gif
103.01.16 20:47 B D:\Documents and Settings\mike\My Documents\BusinessCustomers\nwl\nwl\admin\icon_link_break.gif --> web1.nwondom.nwon.com /nwl/admin icon_link_break.gif
103.01.16 20:47 B D:\Documents and Settings\mike\My Documents\BusinessCustomers\nwl\nwl\admin\icon_magnify.gif --> web1.nwondom.nwon.com /nwl/admin icon_magnify.gif
103.01.16 20:47 B D:\Documents and Settings\mike\My Documents\BusinessCustomers\nwl\nwl\admin\icon_note.gif --> web1.nwondom.nwon.com /nwl/admin icon_note.gif
103.01.16 20:47 B D:\Documents and Settings\mike\My Documents\BusinessCustomers\nwl\nwl\admin\icon_sort.gif --> web1.nwondom.nwon.com /nwl/admin icon_sort.gif
103.01.16 20:47 B D:\Documents and Settings\mike\My Documents\BusinessCustomers\nwl\nwl\admin\icon_x.gif --> web1.nwondom.nwon.com /nwl/admin icon_x.gif
103.01.16 20:47 B D:\Documents and Settings\mike\My Documents\BusinessCustomers\nwl\nwl\admin\image_uploader.asp --> web1.nwondom.nwon.com /nwl/admin image_uploader.asp
103.01.16 20:47 B D:\Documents and Settings\mike\My Documents\BusinessCustomers\nwl\nwl\admin\image_uploader_code.asp --> web1.nwondom.nwon.com /nwl/admin image_uploader_code.asp
103.01.16 20:47 B D:\Documents and Settings\mike\My Documents\BusinessCustomers\nwl\nwl\admin\image_uploader_form.asp --> web1.nwondom.nwon.com /nwl/admin image_uploader_form.asp
103.01.16 20:47 B D:\Documents and Settings\mike\My Documents\BusinessCustomers\nwl\nwl\admin\index.asp --> web1.nwondom.nwon.com /nwl/admin index.asp
103.01.16 20:47 B D:\Documents and Settings\mike\My Documents\BusinessCustomers\nwl\nwl\admin\index2.asp --> web1.nwondom.nwon.com /nwl/admin index2.asp
103.01.16 20:47 B D:\Documents and Settings\mike\My Documents\BusinessCustomers\nwl\nwl\admin\links_add.asp --> web1.nwondom.nwon.com /nwl/admin links_add.asp
103.01.16 20:47 B D:\Documents and Settings\mike\My Documents\BusinessCustomers\nwl\nwl\admin\links_add_category.asp --> web1.nwondom.nwon.com /nwl/admin links_add_category.asp
103.01.16 20:47 B D:\Documents and Settings\mike\My Documents\BusinessCustomers\nwl\nwl\admin\links_delete.asp --> web1.nwondom.nwon.com /nwl/admin links_delete.asp
103.01.16 20:47 B D:\Documents and Settings\mike\My Documents\BusinessCustomers\nwl\nwl\admin\links_delete_category.asp --> web1.nwondom.nwon.com /nwl/admin links_delete_category.asp
103.01.16 20:47 B D:\Documents and Settings\mike\My Documents\BusinessCustomers\nwl\nwl\admin\links_edit_category.asp --> web1.nwondom.nwon.com /nwl/admin links_edit_category.asp
103.01.16 20:47 B D:\Documents and Settings\mike\My Documents\BusinessCustomers\nwl\nwl\admin\links_edit_sort_order.asp --> web1.nwondom.nwon.com /nwl/admin links_edit_sort_order.asp
103.01.16 20:47 B D:\Documents and Settings\mike\My Documents\BusinessCustomers\nwl\nwl\admin\links_index.asp --> web1.nwondom.nwon.com /nwl/admin links_index.asp
103.01.16 20:47 B D:\Documents and Settings\mike\My Documents\BusinessCustomers\nwl\nwl\admin\links_modify.asp --> web1.nwondom.nwon.com /nwl/admin links_modify.asp
103.01.16 20:47 B D:\Documents and Settings\mike\My Documents\BusinessCustomers\nwl\nwl\admin\links_test.asp --> web1.nwondom.nwon.com /nwl/admin links_test.asp
103.01.16 20:47 B D:\Documents and Settings\mike\My Documents\BusinessCustomers\nwl\nwl\admin\login.asp --> web1.nwondom.nwon.com /nwl/admin login.asp
103.01.16 20:47 B D:\Documents and Settings\mike\My Documents\BusinessCustomers\nwl\nwl\admin\meta_add_page.asp --> web1.nwondom.nwon.com /nwl/admin meta_add_page.asp
103.01.16 20:47 B D:\Documents and Settings\mike\My Documents\BusinessCustomers\nwl\nwl\admin\meta_connection.asp --> web1.nwondom.nwon.com /nwl/admin meta_connection.asp
103.01.16 20:47 B D:\Documents and Settings\mike\My Documents\BusinessCustomers\nwl\nwl\admin\meta_default_code.asp --> web1.nwondom.nwon.com /nwl/admin meta_default_code.asp
103.01.16 20:47 B D:\Documents and Settings\mike\My Documents\BusinessCustomers\nwl\nwl\admin\meta_delete_code.asp --> web1.nwondom.nwon.com /nwl/admin meta_delete_code.asp
103.01.16 20:47 B D:\Documents and Settings\mike\My Documents\BusinessCustomers\nwl\nwl\admin\meta_edit.asp --> web1.nwondom.nwon.com /nwl/admin meta_edit.asp
103.01.16 20:47 B D:\Documents and Settings\mike\My Documents\BusinessCustomers\nwl\nwl\admin\meta_index.asp --> web1.nwondom.nwon.com /nwl/admin meta_index.asp
103.01.16 20:47 B D:\Documents and Settings\mike\My Documents\BusinessCustomers\nwl\nwl\admin\newsletter_code_add.asp --> web1.nwondom.nwon.com /nwl/admin newsletter_code_add.asp
103.01.16 20:47 B D:\Documents and Settings\mike\My Documents\BusinessCustomers\nwl\nwl\admin\newsletter_code_addpics.asp --> web1.nwondom.nwon.com /nwl/admin newsletter_code_addpics.asp
103.01.16 20:47 B D:\Documents and Settings\mike\My Documents\BusinessCustomers\nwl\nwl\admin\newsletter_code_edit.asp --> web1.nwondom.nwon.com /nwl/admin newsletter_code_edit.asp
103.01.16 20:47 B D:\Documents and Settings\mike\My Documents\BusinessCustomers\nwl\nwl\admin\newsletter_code_set_active.asp --> web1.nwondom.nwon.com /nwl/admin newsletter_code_set_active.asp
103.01.16 20:47 B D:\Documents and Settings\mike\My Documents\BusinessCustomers\nwl\nwl\admin\newsletter_delete.asp --> web1.nwondom.nwon.com /nwl/admin newsletter_delete.asp
103.01.16 20:47 B D:\Documents and Settings\mike\My Documents\BusinessCustomers\nwl\nwl\admin\newsletter_edit_pics.asp --> web1.nwondom.nwon.com /nwl/admin newsletter_edit_pics.asp
103.01.16 20:47 B D:\Documents and Settings\mike\My Documents\BusinessCustomers\nwl\nwl\admin\newsletter_form_add.asp --> web1.nwondom.nwon.com /nwl/admin newsletter_form_add.asp
103.01.16 20:48 B D:\Documents and Settings\mike\My Documents\BusinessCustomers\nwl\nwl\admin\newsletter_form_edit.asp --> web1.nwondom.nwon.com /nwl/admin newsletter_form_edit.asp
103.01.16 20:48 B D:\Documents and Settings\mike\My Documents\BusinessCustomers\nwl\nwl\admin\newsletter_index.asp --> web1.nwondom.nwon.com /nwl/admin newsletter_index.asp
103.01.16 20:48 B D:\Documents and Settings\mike\My Documents\BusinessCustomers\nwl\nwl\admin\newsletter_remove.asp --> web1.nwondom.nwon.com /nwl/admin newsletter_remove.asp
103.01.16 20:48 B D:\Documents and Settings\mike\My Documents\BusinessCustomers\nwl\nwl\admin\overlib_mini.js --> web1.nwondom.nwon.com /nwl/admin overlib_mini.js
103.01.16 20:48 B D:\Documents and Settings\mike\My Documents\BusinessCustomers\nwl\nwl\admin\photos_add_pictures.asp --> web1.nwondom.nwon.com /nwl/admin photos_add_pictures.asp
103.01.16 20:48 B D:\Documents and Settings\mike\My Documents\BusinessCustomers\nwl\nwl\admin\photos_admin.asp --> web1.nwondom.nwon.com /nwl/admin photos_admin.asp
103.01.16 20:48 B D:\Documents and Settings\mike\My Documents\BusinessCustomers\nwl\nwl\admin\photos_admin_code.asp --> web1.nwondom.nwon.com /nwl/admin photos_admin_code.asp
103.01.16 20:48 B D:\Documents and Settings\mike\My Documents\BusinessCustomers\nwl\nwl\admin\photos_admin_form.asp --> web1.nwondom.nwon.com /nwl/admin photos_admin_form.asp
103.01.16 20:48 B D:\Documents and Settings\mike\My Documents\BusinessCustomers\nwl\nwl\admin\photos_admin_index.asp --> web1.nwondom.nwon.com /nwl/admin photos_admin_index.asp
103.01.16 20:48 B D:\Documents and Settings\mike\My Documents\BusinessCustomers\nwl\nwl\admin\photos_build_albums.asp --> web1.nwondom.nwon.com /nwl/admin photos_build_albums.asp
103.01.16 20:48 B D:\Documents and Settings\mike\My Documents\BusinessCustomers\nwl\nwl\admin\photos_code_delete.asp --> web1.nwondom.nwon.com /nwl/admin photos_code_delete.asp
103.01.16 20:48 B D:\Documents and Settings\mike\My Documents\BusinessCustomers\nwl\nwl\admin\photos_edit_sort_order.asp --> web1.nwondom.nwon.com /nwl/admin photos_edit_sort_order.asp
103.01.16 20:48 B D:\Documents and Settings\mike\My Documents\BusinessCustomers\nwl\nwl\admin\photos_edit_sort_order_code.asp --> web1.nwondom.nwon.com /nwl/admin photos_edit_sort_order_code.asp
103.01.16 20:48 B D:\Documents and Settings\mike\My Documents\BusinessCustomers\nwl\nwl\admin\photos_make_album.asp --> web1.nwondom.nwon.com /nwl/admin photos_make_album.asp
103.01.16 20:48 B D:\Documents and Settings\mike\My Documents\BusinessCustomers\nwl\nwl\admin\photos_preview.asp --> web1.nwondom.nwon.com /nwl/admin photos_preview.asp
103.01.16 20:48 B D:\Documents and Settings\mike\My Documents\BusinessCustomers\nwl\nwl\admin\photos_rename_album.asp --> web1.nwondom.nwon.com /nwl/admin photos_rename_album.asp
103.01.16 20:48 B D:\Documents and Settings\mike\My Documents\BusinessCustomers\nwl\nwl\admin\photos_utilities.asp --> web1.nwondom.nwon.com /nwl/admin photos_utilities.asp
103.01.16 20:48 B D:\Documents and Settings\mike\My Documents\BusinessCustomers\nwl\nwl\admin\protected.asp --> web1.nwondom.nwon.com /nwl/admin protected.asp
103.01.16 20:48 B D:\Documents and Settings\mike\My Documents\BusinessCustomers\nwl\nwl\admin\style.css --> web1.nwondom.nwon.com /nwl/admin style.css
103.01.16 20:48 B D:\Documents and Settings\mike\My Documents\BusinessCustomers\nwl\nwl\admin\toolbar.gif --> web1.nwondom.nwon.com /nwl/admin toolbar.gif
103.01.16 20:48 B D:\Documents and Settings\mike\My Documents\BusinessCustomers\nwl\nwl\admin\toolbar_spacer.gif --> web1.nwondom.nwon.com /nwl/admin toolbar_spacer.gif
103.01.16 20:48 B D:\Documents and Settings\mike\My Documents\BusinessCustomers\nwl\nwl\admin\upload_process_form.asp --> web1.nwondom.nwon.com /nwl/admin upload_process_form.asp
103.01.16 20:48 B D:\Documents and Settings\mike\My Documents\BusinessCustomers\nwl\nwl\admin\uploader_code.asp --> web1.nwondom.nwon.com /nwl/admin uploader_code.asp
103.01.16 20:48 B D:\Documents and Settings\mike\My Documents\BusinessCustomers\nwl\nwl\admin\uploader_form.asp --> web1.nwondom.nwon.com /nwl/admin uploader_form.asp
103.01.16 20:48 B D:\Documents and Settings\mike\My Documents\BusinessCustomers\nwl\nwl\admin\uploader_num_form.asp --> web1.nwondom.nwon.com /nwl/admin uploader_num_form.asp
103.01.16 20:48 B D:\Documents and Settings\mike\My Documents\BusinessCustomers\nwl\nwl\admin\users_add.asp --> web1.nwondom.nwon.com /nwl/admin users_add.asp
103.01.16 20:48 B D:\Documents and Settings\mike\My Documents\BusinessCustomers\nwl\nwl\admin\users_add_permissions.asp --> web1.nwondom.nwon.com /nwl/admin users_add_permissions.asp
103.01.16 20:48 B D:\Documents and Settings\mike\My Documents\BusinessCustomers\nwl\nwl\admin\users_delete.asp --> web1.nwondom.nwon.com /nwl/admin users_delete.asp
103.01.16 20:48 B D:\Documents and Settings\mike\My Documents\BusinessCustomers\nwl\nwl\admin\users_edit.asp --> web1.nwondom.nwon.com /nwl/admin users_edit.asp
103.01.16 20:48 B D:\Documents and Settings\mike\My Documents\BusinessCustomers\nwl\nwl\admin\users_index.asp --> web1.nwondom.nwon.com /nwl/admin users_index.asp
103.01.16 20:48 B D:\Documents and Settings\mike\My Documents\BusinessCustomers\nwl\nwl\admin\users_logout.asp --> web1.nwondom.nwon.com /nwl/admin users_logout.asp
103.01.16 20:48 B D:\Documents and Settings\mike\My Documents\BusinessCustomers\nwl\nwl\admin\users_password_request.asp --> web1.nwondom.nwon.com /nwl/admin users_password_request.asp
103.01.16 20:48 B D:\Documents and Settings\mike\My Documents\BusinessCustomers\nwl\nwl\admin\validate_delete.asp --> web1.nwondom.nwon.com /nwl/admin validate_delete.asp
